\BOOKMARK [0][-]{chapter*.6}{\376\377\000P\000r\000e\000f\000a\000c\000e}{}% 1
\BOOKMARK [0][-]{chapter.14}{\376\377\000P\000r\000e\000l\000i\000m\000i\000n\000a\000r\000i\000e\000s}{}% 2
\BOOKMARK [1][-]{section.15}{\376\377\000T\000h\000e\000\040\000C\000o\000m\000p\000l\000e\000x\000\040\000P\000l\000a\000n\000e}{chapter.14}% 3
\BOOKMARK [1][-]{section.30}{\376\377\000Q\000u\000a\000t\000e\000r\000n\000i\000o\000n\000s}{chapter.14}% 4
\BOOKMARK [1][-]{section.89}{\376\377\000S\000t\000e\000r\000e\000o\000g\000r\000a\000p\000h\000i\000c\000\040\000p\000r\000o\000j\000e\000c\000t\000i\000o\000n}{chapter.14}% 5
\BOOKMARK [1][-]{section.108}{\376\377\000E\000q\000u\000i\000v\000a\000l\000e\000n\000c\000e\000\040\000r\000e\000l\000a\000t\000i\000o\000n\000s}{chapter.14}% 6
\BOOKMARK [1][-]{section.135}{\376\377\000M\000o\000r\000e\000\040\000p\000r\000e\000l\000i\000m\000i\000n\000a\000r\000y\000\040\000t\000o\000p\000i\000c\000s}{chapter.14}% 7
\BOOKMARK [0][-]{chapter.152}{\376\377\000G\000r\000o\000u\000p\000s}{}% 8
\BOOKMARK [1][-]{section.153}{\376\377\000E\000x\000a\000m\000p\000l\000e\000s\000\040\000o\000f\000\040\000g\000r\000o\000u\000p\000s}{chapter.152}% 9
\BOOKMARK [1][-]{section.214}{\376\377\000D\000e\000f\000i\000n\000i\000t\000i\000o\000n\000\040\000o\000f\000\040\000a\000\040\000g\000r\000o\000u\000p}{chapter.152}% 10
\BOOKMARK [1][-]{section.242}{\376\377\000S\000u\000b\000g\000r\000o\000u\000p\000s\000\040\000a\000n\000d\000\040\000c\000o\000s\000e\000t\000s}{chapter.152}% 11
\BOOKMARK [1][-]{section.282}{\376\377\000G\000r\000o\000u\000p\000\040\000h\000o\000m\000o\000m\000o\000r\000p\000h\000i\000s\000m\000s}{chapter.152}% 12
\BOOKMARK [1][-]{section.322}{\376\377\000G\000r\000o\000u\000p\000\040\000a\000c\000t\000i\000o\000n\000s}{chapter.152}% 13
\BOOKMARK [1][-]{section.361}{\376\377\000A\000d\000d\000i\000t\000i\000o\000n\000a\000l\000\040\000e\000x\000e\000r\000c\000i\000s\000e\000s}{chapter.152}% 14
\BOOKMARK [0][-]{chapter.374}{\376\377\000G\000e\000o\000m\000e\000t\000r\000i\000e\000s}{}% 15
\BOOKMARK [1][-]{section.375}{\376\377\000G\000e\000o\000m\000e\000t\000r\000i\000e\000s\000\040\000a\000n\000d\000\040\000m\000o\000d\000e\000l\000s}{chapter.374}% 16
\BOOKMARK [1][-]{section.401}{\376\377\000M\000\366\000b\000i\000u\000s\000\040\000g\000e\000o\000m\000e\000t\000r\000y}{chapter.374}% 17
\BOOKMARK [1][-]{section.507}{\376\377\000H\000y\000p\000e\000r\000b\000o\000l\000i\000c\000\040\000g\000e\000o\000m\000e\000t\000r\000y}{chapter.374}% 18
\BOOKMARK [1][-]{section.600}{\376\377\000E\000l\000l\000i\000p\000t\000i\000c\000\040\000g\000e\000o\000m\000e\000t\000r\000y}{chapter.374}% 19
\BOOKMARK [1][-]{section.678}{\376\377\000P\000r\000o\000j\000e\000c\000t\000i\000v\000e\000\040\000g\000e\000o\000m\000e\000t\000r\000y}{chapter.374}% 20
\BOOKMARK [1][-]{section.703}{\376\377\000A\000d\000d\000i\000t\000i\000o\000n\000a\000l\000\040\000e\000x\000e\000r\000c\000i\000s\000e\000s}{chapter.374}% 21
\BOOKMARK [-1][-]{section*.727}{\376\377\000A\000p\000p\000e\000n\000d\000i\000c\000e\000s}{}% 22
\BOOKMARK [0][-]{appendix.728}{\376\377\000S\000o\000l\000u\000t\000i\000o\000n\000s\000\040\000t\000o\000\040\000E\000x\000e\000r\000c\000i\000s\000e\000s}{section*.727}% 23
\BOOKMARK [-1][-]{section*.747}{\376\377\000B\000a\000c\000k\000\040\000M\000a\000t\000t\000e\000r}{}% 24
\BOOKMARK [0][-]{appendix*.748}{\376\377\000F\000u\000r\000t\000h\000e\000r\000\040\000t\000o\000p\000i\000c\000s}{section*.747}% 25
\BOOKMARK [0][-]{appendix*.749}{\376\377\000R\000e\000f\000e\000r\000e\000n\000c\000e\000s}{section*.747}% 26
\BOOKMARK [0][-]{section*.750}{\376\377\000I\000n\000d\000e\000x}{section*.747}% 27
\BOOKMARK [0][-]{appendix*.752}{\376\377\000N\000o\000t\000a\000t\000i\000o\000n}{section*.747}% 28
