This is pdfTeX, Version 3.141592653-2.6-1.40.25 (TeX Live 2023) (preloaded format=pdflatex 2023.6.24)  5 FEB 2025 13:14
entering extended mode
 restricted \write18 enabled.
 %&-line parsing enabled.
**main.tex

(/Users/lyonsdw/a/teach/notes/algeom/algeom_text_files/output/print-latex/main.
tex
LaTeX2e <2022-11-01> patch level 1
L3 programming layer <2023-02-22>
(/usr/local/texlive/2023/texmf-dist/tex/latex/base/book.cls
Document Class: book 2022/07/02 v1.4n Standard LaTeX document class
(/usr/local/texlive/2023/texmf-dist/tex/latex/base/bk10.clo
File: bk10.clo 2022/07/02 v1.4n Standard LaTeX file (size option)
)
\c@part=\count185
\c@chapter=\count186
\c@section=\count187
\c@subsection=\count188
\c@subsubsection=\count189
\c@paragraph=\count190
\c@subparagraph=\count191
\c@figure=\count192
\c@table=\count193
\abovecaptionskip=\skip48
\belowcaptionskip=\skip49
\bibindent=\dimen140
)
(/usr/local/texlive/2023/texmf-dist/tex/latex/geometry/geometry.sty
Package: geometry 2020/01/02 v5.9 Page Geometry

(/usr/local/texlive/2023/texmf-dist/tex/latex/graphics/keyval.sty
Package: keyval 2022/05/29 v1.15 key=value parser (DPC)
\KV@toks@=\toks16
)
(/usr/local/texlive/2023/texmf-dist/tex/generic/iftex/ifvtex.sty
Package: ifvtex 2019/10/25 v1.7 ifvtex legacy package. Use iftex instead.

(/usr/local/texlive/2023/texmf-dist/tex/generic/iftex/iftex.sty
Package: iftex 2022/02/03 v1.0f TeX engine tests
))
\Gm@cnth=\count194
\Gm@cntv=\count195
\c@Gm@tempcnt=\count196
\Gm@bindingoffset=\dimen141
\Gm@wd@mp=\dimen142
\Gm@odd@mp=\dimen143
\Gm@even@mp=\dimen144
\Gm@layoutwidth=\dimen145
\Gm@layoutheight=\dimen146
\Gm@layouthoffset=\dimen147
\Gm@layoutvoffset=\dimen148
\Gm@dimlist=\toks17
)
(/usr/local/texlive/2023/texmf-dist/tex/latex/base/ifthen.sty
Package: ifthen 2022/04/13 v1.1d Standard LaTeX ifthen package (DPC)
)
(/usr/local/texlive/2023/texmf-dist/tex/latex/etoolbox/etoolbox.sty
Package: etoolbox 2020/10/05 v2.5k e-TeX tools for LaTeX (JAW)
\etb@tempcnta=\count197
)
(/usr/local/texlive/2023/texmf-dist/tex/generic/iftex/ifxetex.sty
Package: ifxetex 2019/10/25 v0.7 ifxetex legacy package. Use iftex instead.
)
(/usr/local/texlive/2023/texmf-dist/tex/generic/iftex/ifluatex.sty
Package: ifluatex 2019/10/25 v1.5 ifluatex legacy package. Use iftex instead.
)
(/usr/local/texlive/2023/texmf-dist/tex/latex/graphics/graphicx.sty
Package: graphicx 2021/09/16 v1.2d Enhanced LaTeX Graphics (DPC,SPQR)

(/usr/local/texlive/2023/texmf-dist/tex/latex/graphics/graphics.sty
Package: graphics 2022/03/10 v1.4e Standard LaTeX Graphics (DPC,SPQR)

(/usr/local/texlive/2023/texmf-dist/tex/latex/graphics/trig.sty
Package: trig 2021/08/11 v1.11 sin cos tan (DPC)
)
(/usr/local/texlive/2023/texmf-dist/tex/latex/graphics-cfg/graphics.cfg
File: graphics.cfg 2016/06/04 v1.11 sample graphics configuration
)
Package graphics Info: Driver file: pdftex.def on input line 107.

(/usr/local/texlive/2023/texmf-dist/tex/latex/graphics-def/pdftex.def
File: pdftex.def 2022/09/22 v1.2b Graphics/color driver for pdftex
))
\Gin@req@height=\dimen149
\Gin@req@width=\dimen150
)
(/usr/local/texlive/2023/texmf-dist/tex/latex/xcolor/xcolor.sty
Package: xcolor 2022/06/12 v2.14 LaTeX color extensions (UK)

(/usr/local/texlive/2023/texmf-dist/tex/latex/graphics-cfg/color.cfg
File: color.cfg 2016/01/02 v1.6 sample color configuration
)
Package xcolor Info: Driver file: pdftex.def on input line 227.

(/usr/local/texlive/2023/texmf-dist/tex/latex/colortbl/colortbl.sty
Package: colortbl 2022/06/20 v1.0f Color table columns (DPC)

(/usr/local/texlive/2023/texmf-dist/tex/latex/tools/array.sty
Package: array 2022/09/04 v2.5g Tabular extension package (FMi)
\col@sep=\dimen151
\ar@mcellbox=\box51
\extrarowheight=\dimen152
\NC@list=\toks18
\extratabsurround=\skip50
\backup@length=\skip51
\ar@cellbox=\box52
)
\everycr=\toks19
\minrowclearance=\skip52
\rownum=\count198
)
(/usr/local/texlive/2023/texmf-dist/tex/latex/graphics/mathcolor.ltx)
Package xcolor Info: Model `cmy' substituted by `cmy0' on input line 1353.
Package xcolor Info: Model `hsb' substituted by `rgb' on input line 1357.
Package xcolor Info: Model `RGB' extended on input line 1369.
Package xcolor Info: Model `HTML' substituted by `rgb' on input line 1371.
Package xcolor Info: Model `Hsb' substituted by `hsb' on input line 1372.
Package xcolor Info: Model `tHsb' substituted by `hsb' on input line 1373.
Package xcolor Info: Model `HSB' substituted by `hsb' on input line 1374.
Package xcolor Info: Model `Gray' substituted by `gray' on input line 1375.
Package xcolor Info: Model `wave' substituted by `hsb' on input line 1376.

(/usr/local/texlive/2023/texmf-dist/tex/latex/graphics/dvipsnam.def
File: dvipsnam.def 2016/06/17 v3.0m Driver-dependent file (DPC,SPQR)
)
(/usr/local/texlive/2023/texmf-dist/tex/latex/xcolor/svgnam.def
File: svgnam.def 2022/06/12 v2.14 Predefined colors according to SVG 1.1 (UK)
))
(/usr/local/texlive/2023/texmf-dist/tex/latex/tcolorbox/tcolorbox.sty
Package: tcolorbox 2023/02/12 version 6.0.1 text color boxes

(/usr/local/texlive/2023/texmf-dist/tex/latex/pgf/basiclayer/pgf.sty
(/usr/local/texlive/2023/texmf-dist/tex/latex/pgf/utilities/pgfrcs.sty
(/usr/local/texlive/2023/texmf-dist/tex/generic/pgf/utilities/pgfutil-common.te
x
\pgfutil@everybye=\toks20
\pgfutil@tempdima=\dimen153
\pgfutil@tempdimb=\dimen154
)
(/usr/local/texlive/2023/texmf-dist/tex/generic/pgf/utilities/pgfutil-latex.def
\pgfutil@abb=\box53
) (/usr/local/texlive/2023/texmf-dist/tex/generic/pgf/utilities/pgfrcs.code.tex
(/usr/local/texlive/2023/texmf-dist/tex/generic/pgf/pgf.revision.tex)
Package: pgfrcs 2023-01-15 v3.1.10 (3.1.10)
))
Package: pgf 2023-01-15 v3.1.10 (3.1.10)

(/usr/local/texlive/2023/texmf-dist/tex/latex/pgf/basiclayer/pgfcore.sty
(/usr/local/texlive/2023/texmf-dist/tex/latex/pgf/systemlayer/pgfsys.sty
(/usr/local/texlive/2023/texmf-dist/tex/generic/pgf/systemlayer/pgfsys.code.tex
Package: pgfsys 2023-01-15 v3.1.10 (3.1.10)
(/usr/local/texlive/2023/texmf-dist/tex/generic/pgf/utilities/pgfkeys.code.tex
\pgfkeys@pathtoks=\toks21
\pgfkeys@temptoks=\toks22

(/usr/local/texlive/2023/texmf-dist/tex/generic/pgf/utilities/pgfkeyslibraryfil
tered.code.tex
\pgfkeys@tmptoks=\toks23
))
\pgf@x=\dimen155
\pgf@y=\dimen156
\pgf@xa=\dimen157
\pgf@ya=\dimen158
\pgf@xb=\dimen159
\pgf@yb=\dimen160
\pgf@xc=\dimen161
\pgf@yc=\dimen162
\pgf@xd=\dimen163
\pgf@yd=\dimen164
\w@pgf@writea=\write3
\r@pgf@reada=\read2
\c@pgf@counta=\count199
\c@pgf@countb=\count266
\c@pgf@countc=\count267
\c@pgf@countd=\count268
\t@pgf@toka=\toks24
\t@pgf@tokb=\toks25
\t@pgf@tokc=\toks26
\pgf@sys@id@count=\count269

(/usr/local/texlive/2023/texmf-dist/tex/generic/pgf/systemlayer/pgf.cfg
File: pgf.cfg 2023-01-15 v3.1.10 (3.1.10)
)
Driver file for pgf: pgfsys-pdftex.def

(/usr/local/texlive/2023/texmf-dist/tex/generic/pgf/systemlayer/pgfsys-pdftex.d
ef
File: pgfsys-pdftex.def 2023-01-15 v3.1.10 (3.1.10)

(/usr/local/texlive/2023/texmf-dist/tex/generic/pgf/systemlayer/pgfsys-common-p
df.def
File: pgfsys-common-pdf.def 2023-01-15 v3.1.10 (3.1.10)
)))
(/usr/local/texlive/2023/texmf-dist/tex/generic/pgf/systemlayer/pgfsyssoftpath.
code.tex
File: pgfsyssoftpath.code.tex 2023-01-15 v3.1.10 (3.1.10)
\pgfsyssoftpath@smallbuffer@items=\count270
\pgfsyssoftpath@bigbuffer@items=\count271
)
(/usr/local/texlive/2023/texmf-dist/tex/generic/pgf/systemlayer/pgfsysprotocol.
code.tex
File: pgfsysprotocol.code.tex 2023-01-15 v3.1.10 (3.1.10)
))
(/usr/local/texlive/2023/texmf-dist/tex/generic/pgf/basiclayer/pgfcore.code.tex
Package: pgfcore 2023-01-15 v3.1.10 (3.1.10)
(/usr/local/texlive/2023/texmf-dist/tex/generic/pgf/math/pgfmath.code.tex
(/usr/local/texlive/2023/texmf-dist/tex/generic/pgf/math/pgfmathutil.code.tex)
(/usr/local/texlive/2023/texmf-dist/tex/generic/pgf/math/pgfmathparser.code.tex
\pgfmath@dimen=\dimen165
\pgfmath@count=\count272
\pgfmath@box=\box54
\pgfmath@toks=\toks27
\pgfmath@stack@operand=\toks28
\pgfmath@stack@operation=\toks29
)
(/usr/local/texlive/2023/texmf-dist/tex/generic/pgf/math/pgfmathfunctions.code.
tex)
(/usr/local/texlive/2023/texmf-dist/tex/generic/pgf/math/pgfmathfunctions.basic
.code.tex)
(/usr/local/texlive/2023/texmf-dist/tex/generic/pgf/math/pgfmathfunctions.trigo
nometric.code.tex)
(/usr/local/texlive/2023/texmf-dist/tex/generic/pgf/math/pgfmathfunctions.rando
m.code.tex)
(/usr/local/texlive/2023/texmf-dist/tex/generic/pgf/math/pgfmathfunctions.compa
rison.code.tex)
(/usr/local/texlive/2023/texmf-dist/tex/generic/pgf/math/pgfmathfunctions.base.
code.tex)
(/usr/local/texlive/2023/texmf-dist/tex/generic/pgf/math/pgfmathfunctions.round
.code.tex)
(/usr/local/texlive/2023/texmf-dist/tex/generic/pgf/math/pgfmathfunctions.misc.
code.tex)
(/usr/local/texlive/2023/texmf-dist/tex/generic/pgf/math/pgfmathfunctions.integ
erarithmetics.code.tex)
(/usr/local/texlive/2023/texmf-dist/tex/generic/pgf/math/pgfmathcalc.code.tex)
(/usr/local/texlive/2023/texmf-dist/tex/generic/pgf/math/pgfmathfloat.code.tex
\c@pgfmathroundto@lastzeros=\count273
)) (/usr/local/texlive/2023/texmf-dist/tex/generic/pgf/math/pgfint.code.tex)
(/usr/local/texlive/2023/texmf-dist/tex/generic/pgf/basiclayer/pgfcorepoints.co
de.tex
File: pgfcorepoints.code.tex 2023-01-15 v3.1.10 (3.1.10)
\pgf@picminx=\dimen166
\pgf@picmaxx=\dimen167
\pgf@picminy=\dimen168
\pgf@picmaxy=\dimen169
\pgf@pathminx=\dimen170
\pgf@pathmaxx=\dimen171
\pgf@pathminy=\dimen172
\pgf@pathmaxy=\dimen173
\pgf@xx=\dimen174
\pgf@xy=\dimen175
\pgf@yx=\dimen176
\pgf@yy=\dimen177
\pgf@zx=\dimen178
\pgf@zy=\dimen179
)
(/usr/local/texlive/2023/texmf-dist/tex/generic/pgf/basiclayer/pgfcorepathconst
ruct.code.tex
File: pgfcorepathconstruct.code.tex 2023-01-15 v3.1.10 (3.1.10)
\pgf@path@lastx=\dimen180
\pgf@path@lasty=\dimen181
)
(/usr/local/texlive/2023/texmf-dist/tex/generic/pgf/basiclayer/pgfcorepathusage
.code.tex
File: pgfcorepathusage.code.tex 2023-01-15 v3.1.10 (3.1.10)
\pgf@shorten@end@additional=\dimen182
\pgf@shorten@start@additional=\dimen183
)
(/usr/local/texlive/2023/texmf-dist/tex/generic/pgf/basiclayer/pgfcorescopes.co
de.tex
File: pgfcorescopes.code.tex 2023-01-15 v3.1.10 (3.1.10)
\pgfpic=\box55
\pgf@hbox=\box56
\pgf@layerbox@main=\box57
\pgf@picture@serial@count=\count274
)
(/usr/local/texlive/2023/texmf-dist/tex/generic/pgf/basiclayer/pgfcoregraphicst
ate.code.tex
File: pgfcoregraphicstate.code.tex 2023-01-15 v3.1.10 (3.1.10)
\pgflinewidth=\dimen184
)
(/usr/local/texlive/2023/texmf-dist/tex/generic/pgf/basiclayer/pgfcoretransform
ations.code.tex
File: pgfcoretransformations.code.tex 2023-01-15 v3.1.10 (3.1.10)
\pgf@pt@x=\dimen185
\pgf@pt@y=\dimen186
\pgf@pt@temp=\dimen187
)
(/usr/local/texlive/2023/texmf-dist/tex/generic/pgf/basiclayer/pgfcorequick.cod
e.tex
File: pgfcorequick.code.tex 2023-01-15 v3.1.10 (3.1.10)
)
(/usr/local/texlive/2023/texmf-dist/tex/generic/pgf/basiclayer/pgfcoreobjects.c
ode.tex
File: pgfcoreobjects.code.tex 2023-01-15 v3.1.10 (3.1.10)
)
(/usr/local/texlive/2023/texmf-dist/tex/generic/pgf/basiclayer/pgfcorepathproce
ssing.code.tex
File: pgfcorepathprocessing.code.tex 2023-01-15 v3.1.10 (3.1.10)
)
(/usr/local/texlive/2023/texmf-dist/tex/generic/pgf/basiclayer/pgfcorearrows.co
de.tex
File: pgfcorearrows.code.tex 2023-01-15 v3.1.10 (3.1.10)
\pgfarrowsep=\dimen188
)
(/usr/local/texlive/2023/texmf-dist/tex/generic/pgf/basiclayer/pgfcoreshade.cod
e.tex
File: pgfcoreshade.code.tex 2023-01-15 v3.1.10 (3.1.10)
\pgf@max=\dimen189
\pgf@sys@shading@range@num=\count275
\pgf@shadingcount=\count276
)
(/usr/local/texlive/2023/texmf-dist/tex/generic/pgf/basiclayer/pgfcoreimage.cod
e.tex
File: pgfcoreimage.code.tex 2023-01-15 v3.1.10 (3.1.10)
)
(/usr/local/texlive/2023/texmf-dist/tex/generic/pgf/basiclayer/pgfcoreexternal.
code.tex
File: pgfcoreexternal.code.tex 2023-01-15 v3.1.10 (3.1.10)
\pgfexternal@startupbox=\box58
)
(/usr/local/texlive/2023/texmf-dist/tex/generic/pgf/basiclayer/pgfcorelayers.co
de.tex
File: pgfcorelayers.code.tex 2023-01-15 v3.1.10 (3.1.10)
)
(/usr/local/texlive/2023/texmf-dist/tex/generic/pgf/basiclayer/pgfcoretranspare
ncy.code.tex
File: pgfcoretransparency.code.tex 2023-01-15 v3.1.10 (3.1.10)
)
(/usr/local/texlive/2023/texmf-dist/tex/generic/pgf/basiclayer/pgfcorepatterns.
code.tex
File: pgfcorepatterns.code.tex 2023-01-15 v3.1.10 (3.1.10)
)
(/usr/local/texlive/2023/texmf-dist/tex/generic/pgf/basiclayer/pgfcorerdf.code.
tex
File: pgfcorerdf.code.tex 2023-01-15 v3.1.10 (3.1.10)
)))
(/usr/local/texlive/2023/texmf-dist/tex/generic/pgf/modules/pgfmoduleshapes.cod
e.tex
File: pgfmoduleshapes.code.tex 2023-01-15 v3.1.10 (3.1.10)
\pgfnodeparttextbox=\box59
)
(/usr/local/texlive/2023/texmf-dist/tex/generic/pgf/modules/pgfmoduleplot.code.
tex
File: pgfmoduleplot.code.tex 2023-01-15 v3.1.10 (3.1.10)
)
(/usr/local/texlive/2023/texmf-dist/tex/latex/pgf/compatibility/pgfcomp-version
-0-65.sty
Package: pgfcomp-version-0-65 2023-01-15 v3.1.10 (3.1.10)
\pgf@nodesepstart=\dimen190
\pgf@nodesepend=\dimen191
)
(/usr/local/texlive/2023/texmf-dist/tex/latex/pgf/compatibility/pgfcomp-version
-1-18.sty
Package: pgfcomp-version-1-18 2023-01-15 v3.1.10 (3.1.10)
)) (/usr/local/texlive/2023/texmf-dist/tex/latex/tools/verbatim.sty
Package: verbatim 2022-07-02 v1.5u LaTeX2e package for verbatim enhancements
\every@verbatim=\toks30
\verbatim@line=\toks31
\verbatim@in@stream=\read3
)
(/usr/local/texlive/2023/texmf-dist/tex/latex/environ/environ.sty
Package: environ 2014/05/04 v0.3 A new way to define environments

(/usr/local/texlive/2023/texmf-dist/tex/latex/trimspaces/trimspaces.sty
Package: trimspaces 2009/09/17 v1.1 Trim spaces around a token list
)
\@envbody=\toks32
)
\tcb@titlebox=\box60
\tcb@upperbox=\box61
\tcb@lowerbox=\box62
\tcb@phantombox=\box63
\c@tcbbreakpart=\count277
\c@tcblayer=\count278
\c@tcolorbox@number=\count279
\tcb@temp=\box64
\tcb@temp=\box65
\tcb@temp=\box66
\tcb@temp=\box67
)
(/usr/local/texlive/2023/texmf-dist/tex/latex/tcolorbox/tcbskins.code.tex
Library (tcolorbox): 'tcbskins.code.tex' version '6.0.1'
(/usr/local/texlive/2023/texmf-dist/tex/latex/pgf/frontendlayer/tikz.sty
(/usr/local/texlive/2023/texmf-dist/tex/latex/pgf/utilities/pgffor.sty
(/usr/local/texlive/2023/texmf-dist/tex/latex/pgf/utilities/pgfkeys.sty
(/usr/local/texlive/2023/texmf-dist/tex/generic/pgf/utilities/pgfkeys.code.tex)
) (/usr/local/texlive/2023/texmf-dist/tex/latex/pgf/math/pgfmath.sty
(/usr/local/texlive/2023/texmf-dist/tex/generic/pgf/math/pgfmath.code.tex))
(/usr/local/texlive/2023/texmf-dist/tex/generic/pgf/utilities/pgffor.code.tex
Package: pgffor 2023-01-15 v3.1.10 (3.1.10)
\pgffor@iter=\dimen192
\pgffor@skip=\dimen193
\pgffor@stack=\toks33
\pgffor@toks=\toks34
))
(/usr/local/texlive/2023/texmf-dist/tex/generic/pgf/frontendlayer/tikz/tikz.cod
e.tex
Package: tikz 2023-01-15 v3.1.10 (3.1.10)

(/usr/local/texlive/2023/texmf-dist/tex/generic/pgf/libraries/pgflibraryplothan
dlers.code.tex
File: pgflibraryplothandlers.code.tex 2023-01-15 v3.1.10 (3.1.10)
\pgf@plot@mark@count=\count280
\pgfplotmarksize=\dimen194
)
\tikz@lastx=\dimen195
\tikz@lasty=\dimen196
\tikz@lastxsaved=\dimen197
\tikz@lastysaved=\dimen198
\tikz@lastmovetox=\dimen199
\tikz@lastmovetoy=\dimen256
\tikzleveldistance=\dimen257
\tikzsiblingdistance=\dimen258
\tikz@figbox=\box68
\tikz@figbox@bg=\box69
\tikz@tempbox=\box70
\tikz@tempbox@bg=\box71
\tikztreelevel=\count281
\tikznumberofchildren=\count282
\tikznumberofcurrentchild=\count283
\tikz@fig@count=\count284

(/usr/local/texlive/2023/texmf-dist/tex/generic/pgf/modules/pgfmodulematrix.cod
e.tex
File: pgfmodulematrix.code.tex 2023-01-15 v3.1.10 (3.1.10)
\pgfmatrixcurrentrow=\count285
\pgfmatrixcurrentcolumn=\count286
\pgf@matrix@numberofcolumns=\count287
)
\tikz@expandcount=\count288

(/usr/local/texlive/2023/texmf-dist/tex/generic/pgf/frontendlayer/tikz/librarie
s/tikzlibrarytopaths.code.tex
File: tikzlibrarytopaths.code.tex 2023-01-15 v3.1.10 (3.1.10)
)))
(/usr/local/texlive/2023/texmf-dist/tex/latex/tikzfill/tikzfill.image.sty
Package: tikzfill.image 2022/07/20 v1.0.0 Image filling library for TikZ

(/usr/local/texlive/2023/texmf-dist/tex/latex/tikzfill/tikzfill-common.sty
Package: tikzfill-common 2022/07/20 v1.0.0 Auxiliary code for tikzfill
)
(/usr/local/texlive/2023/texmf-dist/tex/latex/tikzfill/tikzlibraryfill.image.co
de.tex
File: tikzlibraryfill.image.code.tex 2022/07/20 v1.0.0 Image filling library
\l__tikzfill_img_box=\box72
))
(/usr/local/texlive/2023/texmf-dist/tex/latex/tcolorbox/tcbskinsjigsaw.code.tex
Library (tcolorbox): 'tcbskinsjigsaw.code.tex' version '6.0.1'
))
(/usr/local/texlive/2023/texmf-dist/tex/latex/tcolorbox/tcbbreakable.code.tex
Library (tcolorbox): 'tcbbreakable.code.tex' version '6.0.1'
(/usr/local/texlive/2023/texmf-dist/tex/latex/pdfcol/pdfcol.sty
Package: pdfcol 2022-09-21 v1.7 Handle new color stacks for pdfTeX (HO)

(/usr/local/texlive/2023/texmf-dist/tex/generic/ltxcmds/ltxcmds.sty
Package: ltxcmds 2020-05-10 v1.25 LaTeX kernel commands for general use (HO)
)
(/usr/local/texlive/2023/texmf-dist/tex/generic/infwarerr/infwarerr.sty
Package: infwarerr 2019/12/03 v1.5 Providing info/warning/error messages (HO)
))
Package pdfcol Info: New color stack `tcb@breakable' = 1 on input line 23.
\tcb@testbox=\box73
\tcb@totalupperbox=\box74
\tcb@totallowerbox=\box75
)
(/usr/local/texlive/2023/texmf-dist/tex/latex/tcolorbox/tcbraster.code.tex
Library (tcolorbox): 'tcbraster.code.tex' version '6.0.1'
\c@tcbrastercolumn=\count289
\c@tcbrasterrow=\count290
\c@tcbrasternum=\count291
\c@tcbraster=\count292
) (/usr/local/texlive/2023/texmf-dist/tex/latex/tcolorbox/tcbxparse.code.tex
Library (tcolorbox): 'tcbxparse.code.tex' version '6.0.1'
(/usr/local/texlive/2023/texmf-dist/tex/latex/l3packages/xparse/xparse.sty
(/usr/local/texlive/2023/texmf-dist/tex/latex/l3kernel/expl3.sty
Package: expl3 2023-02-22 L3 programming layer (loader) 

(/usr/local/texlive/2023/texmf-dist/tex/latex/l3backend/l3backend-pdftex.def
File: l3backend-pdftex.def 2023-01-16 L3 backend support: PDF output (pdfTeX)
\l__color_backend_stack_int=\count293
\l__pdf_internal_box=\box76
))
Package: xparse 2023-02-02 L3 Experimental document command parser
))
(/usr/local/texlive/2023/texmf-dist/tex/generic/pgf/frontendlayer/tikz/librarie
s/tikzlibrarycalc.code.tex
File: tikzlibrarycalc.code.tex 2023-01-15 v3.1.10 (3.1.10)
)
(/usr/local/texlive/2023/texmf-dist/tex/latex/tcolorbox/tcbhooks.code.tex
Library (tcolorbox): 'tcbhooks.code.tex' version '6.0.1'
)
\normalparindent=\skip53
\normalparskip=\skip54
 (/usr/local/texlive/2023/texmf-dist/tex/latex/base/inputenc.sty
Package: inputenc 2021/02/14 v1.3d Input encoding file
\inpenc@prehook=\toks35
\inpenc@posthook=\toks36
)
(/usr/local/texlive/2023/texmf-dist/tex/latex/lm/lmodern.sty
Package: lmodern 2015/05/01 v1.6.1 Latin Modern Fonts
LaTeX Font Info:    Overwriting symbol font `operators' in version `normal'
(Font)                  OT1/cmr/m/n --> OT1/lmr/m/n on input line 22.
LaTeX Font Info:    Overwriting symbol font `letters' in version `normal'
(Font)                  OML/cmm/m/it --> OML/lmm/m/it on input line 23.
LaTeX Font Info:    Overwriting symbol font `symbols' in version `normal'
(Font)                  OMS/cmsy/m/n --> OMS/lmsy/m/n on input line 24.
LaTeX Font Info:    Overwriting symbol font `largesymbols' in version `normal'
(Font)                  OMX/cmex/m/n --> OMX/lmex/m/n on input line 25.
LaTeX Font Info:    Overwriting symbol font `operators' in version `bold'
(Font)                  OT1/cmr/bx/n --> OT1/lmr/bx/n on input line 26.
LaTeX Font Info:    Overwriting symbol font `letters' in version `bold'
(Font)                  OML/cmm/b/it --> OML/lmm/b/it on input line 27.
LaTeX Font Info:    Overwriting symbol font `symbols' in version `bold'
(Font)                  OMS/cmsy/b/n --> OMS/lmsy/b/n on input line 28.
LaTeX Font Info:    Overwriting symbol font `largesymbols' in version `bold'
(Font)                  OMX/cmex/m/n --> OMX/lmex/m/n on input line 29.
LaTeX Font Info:    Overwriting math alphabet `\mathbf' in version `normal'
(Font)                  OT1/cmr/bx/n --> OT1/lmr/bx/n on input line 31.
LaTeX Font Info:    Overwriting math alphabet `\mathsf' in version `normal'
(Font)                  OT1/cmss/m/n --> OT1/lmss/m/n on input line 32.
LaTeX Font Info:    Overwriting math alphabet `\mathit' in version `normal'
(Font)                  OT1/cmr/m/it --> OT1/lmr/m/it on input line 33.
LaTeX Font Info:    Overwriting math alphabet `\mathtt' in version `normal'
(Font)                  OT1/cmtt/m/n --> OT1/lmtt/m/n on input line 34.
LaTeX Font Info:    Overwriting math alphabet `\mathbf' in version `bold'
(Font)                  OT1/cmr/bx/n --> OT1/lmr/bx/n on input line 35.
LaTeX Font Info:    Overwriting math alphabet `\mathsf' in version `bold'
(Font)                  OT1/cmss/bx/n --> OT1/lmss/bx/n on input line 36.
LaTeX Font Info:    Overwriting math alphabet `\mathit' in version `bold'
(Font)                  OT1/cmr/bx/it --> OT1/lmr/bx/it on input line 37.
LaTeX Font Info:    Overwriting math alphabet `\mathtt' in version `bold'
(Font)                  OT1/cmtt/m/n --> OT1/lmtt/m/n on input line 38.
)
(/usr/local/texlive/2023/texmf-dist/tex/latex/base/fontenc.sty
Package: fontenc 2021/04/29 v2.0v Standard LaTeX package
LaTeX Font Info:    Trying to load font information for T1+lmr on input line 11
2.

(/usr/local/texlive/2023/texmf-dist/tex/latex/lm/t1lmr.fd
File: t1lmr.fd 2015/05/01 v1.6.1 Font defs for Latin Modern
))
(/usr/local/texlive/2023/texmf-dist/tex/latex/microtype/microtype.sty
Package: microtype 2023/03/13 v3.1a Micro-typographical refinements (RS)
\MT@toks=\toks37
\MT@tempbox=\box77
\MT@count=\count294
LaTeX Info: Redefining \noprotrusionifhmode on input line 1059.
LaTeX Info: Redefining \leftprotrusion on input line 1060.
\MT@prot@toks=\toks38
LaTeX Info: Redefining \rightprotrusion on input line 1078.
LaTeX Info: Redefining \textls on input line 1368.
\MT@outer@kern=\dimen259
LaTeX Info: Redefining \textmicrotypecontext on input line 1988.
\MT@listname@count=\count295

(/usr/local/texlive/2023/texmf-dist/tex/latex/microtype/microtype-pdftex.def
File: microtype-pdftex.def 2023/03/13 v3.1a Definitions specific to pdftex (RS)

LaTeX Info: Redefining \lsstyle on input line 902.
LaTeX Info: Redefining \lslig on input line 902.
\MT@outer@space=\skip55
)
Package microtype Info: Loading configuration file microtype.cfg.

(/usr/local/texlive/2023/texmf-dist/tex/latex/microtype/microtype.cfg
File: microtype.cfg 2023/03/13 v3.1a microtype main configuration file (RS)
))
(/usr/local/texlive/2023/texmf-dist/tex/latex/amsmath/amsmath.sty
Package: amsmath 2022/04/08 v2.17n AMS math features
\@mathmargin=\skip56

For additional information on amsmath, use the `?' option.
(/usr/local/texlive/2023/texmf-dist/tex/latex/amsmath/amstext.sty
Package: amstext 2021/08/26 v2.01 AMS text

(/usr/local/texlive/2023/texmf-dist/tex/latex/amsmath/amsgen.sty
File: amsgen.sty 1999/11/30 v2.0 generic functions
\@emptytoks=\toks39
\ex@=\dimen260
))
(/usr/local/texlive/2023/texmf-dist/tex/latex/amsmath/amsbsy.sty
Package: amsbsy 1999/11/29 v1.2d Bold Symbols
\pmbraise@=\dimen261
)
(/usr/local/texlive/2023/texmf-dist/tex/latex/amsmath/amsopn.sty
Package: amsopn 2022/04/08 v2.04 operator names
)
\inf@bad=\count296
LaTeX Info: Redefining \frac on input line 234.
\uproot@=\count297
\leftroot@=\count298
LaTeX Info: Redefining \overline on input line 399.
LaTeX Info: Redefining \colon on input line 410.
\classnum@=\count299
\DOTSCASE@=\count300
LaTeX Info: Redefining \ldots on input line 496.
LaTeX Info: Redefining \dots on input line 499.
LaTeX Info: Redefining \cdots on input line 620.
\Mathstrutbox@=\box78
\strutbox@=\box79
LaTeX Info: Redefining \big on input line 722.
LaTeX Info: Redefining \Big on input line 723.
LaTeX Info: Redefining \bigg on input line 724.
LaTeX Info: Redefining \Bigg on input line 725.
\big@size=\dimen262
LaTeX Font Info:    Redeclaring font encoding OML on input line 743.
LaTeX Font Info:    Redeclaring font encoding OMS on input line 744.
\macc@depth=\count301
LaTeX Info: Redefining \bmod on input line 905.
LaTeX Info: Redefining \pmod on input line 910.
LaTeX Info: Redefining \smash on input line 940.
LaTeX Info: Redefining \relbar on input line 970.
LaTeX Info: Redefining \Relbar on input line 971.
\c@MaxMatrixCols=\count302
\dotsspace@=\muskip16
\c@parentequation=\count303
\dspbrk@lvl=\count304
\tag@help=\toks40
\row@=\count305
\column@=\count306
\maxfields@=\count307
\andhelp@=\toks41
\eqnshift@=\dimen263
\alignsep@=\dimen264
\tagshift@=\dimen265
\tagwidth@=\dimen266
\totwidth@=\dimen267
\lineht@=\dimen268
\@envbody=\toks42
\multlinegap=\skip57
\multlinetaggap=\skip58
\mathdisplay@stack=\toks43
LaTeX Info: Redefining \[ on input line 2953.
LaTeX Info: Redefining \] on input line 2954.
)
(/usr/local/texlive/2023/texmf-dist/tex/latex/amsmath/amscd.sty
Package: amscd 2017/04/14 v2.1 AMS Commutative Diagrams
\athelp@=\toks44
\minaw@=\dimen269
\bigaw@=\dimen270
\minCDarrowwidth=\dimen271
)
(/usr/local/texlive/2023/texmf-dist/tex/latex/amsfonts/amssymb.sty
Package: amssymb 2013/01/14 v3.01 AMS font symbols

(/usr/local/texlive/2023/texmf-dist/tex/latex/amsfonts/amsfonts.sty
Package: amsfonts 2013/01/14 v3.01 Basic AMSFonts support
\symAMSa=\mathgroup4
\symAMSb=\mathgroup5
LaTeX Font Info:    Redeclaring math symbol \hbar on input line 98.
LaTeX Font Info:    Overwriting math alphabet `\mathfrak' in version `bold'
(Font)                  U/euf/m/n --> U/euf/b/n on input line 106.
))
(/usr/local/texlive/2023/texmf-dist/tex/latex/titlesec/titlesec.sty
Package: titlesec 2021/07/05 v2.14 Sectioning titles
\ttl@box=\box80
\beforetitleunit=\skip59
\aftertitleunit=\skip60
\ttl@plus=\dimen272
\ttl@minus=\dimen273
\ttl@toksa=\toks45
\titlewidth=\dimen274
\titlewidthlast=\dimen275
\titlewidthfirst=\dimen276

(/usr/local/texlive/2023/texmf-dist/tex/latex/titlesec/titleps.sty))
(/usr/local/texlive/2023/texmf-dist/tex/latex/titlesec/titletoc.sty
Package: titletoc 2021/07/05 v2.14 TOC entries
\ttl@leftsep=\dimen277
)
\Oldarrayrulewidth=\skip61

(/usr/local/texlive/2023/texmf-dist/tex/latex/enumitem/enumitem.sty
Package: enumitem 2019/06/20 v3.9 Customized lists
\labelindent=\skip62
\enit@outerparindent=\dimen278
\enit@toks=\toks46
\enit@inbox=\box81
\enit@count@id=\count308
\enitdp@description=\count309
)
\enitdp@referencelist=\count310
\egindent=\skip63
\exggap=\skip64

(/usr/local/texlive/2023/texmf-dist/tex/latex/imakeidx/imakeidx.sty
Package: imakeidx 2016/10/15 v1.3e Package for typesetting indices in a synchro
nous mode

(/usr/local/texlive/2023/texmf-dist/tex/latex/xkeyval/xkeyval.sty
Package: xkeyval 2022/06/16 v2.9 package option processing (HA)

(/usr/local/texlive/2023/texmf-dist/tex/generic/xkeyval/xkeyval.tex
(/usr/local/texlive/2023/texmf-dist/tex/generic/xkeyval/xkvutils.tex
\XKV@toks=\toks47
\XKV@tempa@toks=\toks48
)
\XKV@depth=\count311
File: xkeyval.tex 2014/12/03 v2.7a key=value parser (HA)
))
(/usr/local/texlive/2023/texmf-dist/tex/latex/tools/multicol.sty
Package: multicol 2021/11/30 v1.9d multicolumn formatting (FMi)
\c@tracingmulticols=\count312
\mult@box=\box82
\multicol@leftmargin=\dimen279
\c@unbalance=\count313
\c@collectmore=\count314
\doublecol@number=\count315
\multicoltolerance=\count316
\multicolpretolerance=\count317
\full@width=\dimen280
\page@free=\dimen281
\premulticols=\dimen282
\postmulticols=\dimen283
\multicolsep=\skip65
\multicolbaselineskip=\skip66
\partial@page=\box83
\last@line=\box84
\maxbalancingoverflow=\dimen284
\mult@rightbox=\box85
\mult@grightbox=\box86
\mult@firstbox=\box87
\mult@gfirstbox=\box88
\@tempa=\box89
\@tempa=\box90
\@tempa=\box91
\@tempa=\box92
\@tempa=\box93
\@tempa=\box94
\@tempa=\box95
\@tempa=\box96
\@tempa=\box97
\@tempa=\box98
\@tempa=\box99
\@tempa=\box100
\@tempa=\box101
\@tempa=\box102
\@tempa=\box103
\@tempa=\box104
\@tempa=\box105
\@tempa=\box106
\@tempa=\box107
\@tempa=\box108
\@tempa=\box109
\@tempa=\box110
\@tempa=\box111
\@tempa=\box112
\@tempa=\box113
\@tempa=\box114
\@tempa=\box115
\@tempa=\box116
\@tempa=\box117
\@tempa=\box118
\@tempa=\box119
\@tempa=\box120
\@tempa=\box121
\@tempa=\box122
\@tempa=\box123
\@tempa=\box124
\c@minrows=\count318
\c@columnbadness=\count319
\c@finalcolumnbadness=\count320
\last@try=\dimen285
\multicolovershoot=\dimen286
\multicolundershoot=\dimen287
\mult@nat@firstbox=\box125
\colbreak@box=\box126
\mc@col@check@num=\count321
))
\main@idxfile=\write4
\openout4 = `main.idx'.


Writing index file main.idx
(/usr/local/texlive/2023/texmf-dist/tex/latex/tools/longtable.sty
Package: longtable 2021-09-01 v4.17 Multi-page Table package (DPC)
\LTleft=\skip67
\LTright=\skip68
\LTpre=\skip69
\LTpost=\skip70
\LTchunksize=\count322
\LTcapwidth=\dimen288
\LT@head=\box127
\LT@firsthead=\box128
\LT@foot=\box129
\LT@lastfoot=\box130
\LT@gbox=\box131
\LT@cols=\count323
\LT@rows=\count324
\c@LT@tables=\count325
\c@LT@chunks=\count326
\LT@p@ftn=\toks49
)
(/usr/local/texlive/2023/texmf-dist/tex/latex/hyperref/hyperref.sty
Package: hyperref 2023-02-07 v7.00v Hypertext links for LaTeX

(/usr/local/texlive/2023/texmf-dist/tex/generic/pdftexcmds/pdftexcmds.sty
Package: pdftexcmds 2020-06-27 v0.33 Utility functions of pdfTeX for LuaTeX (HO
)
Package pdftexcmds Info: \pdf@primitive is available.
Package pdftexcmds Info: \pdf@ifprimitive is available.
Package pdftexcmds Info: \pdfdraftmode found.
)
(/usr/local/texlive/2023/texmf-dist/tex/latex/kvsetkeys/kvsetkeys.sty
Package: kvsetkeys 2022-10-05 v1.19 Key value parser (HO)
)
(/usr/local/texlive/2023/texmf-dist/tex/generic/kvdefinekeys/kvdefinekeys.sty
Package: kvdefinekeys 2019-12-19 v1.6 Define keys (HO)
)
(/usr/local/texlive/2023/texmf-dist/tex/generic/pdfescape/pdfescape.sty
Package: pdfescape 2019/12/09 v1.15 Implements pdfTeX's escape features (HO)
)
(/usr/local/texlive/2023/texmf-dist/tex/latex/hycolor/hycolor.sty
Package: hycolor 2020-01-27 v1.10 Color options for hyperref/bookmark (HO)
)
(/usr/local/texlive/2023/texmf-dist/tex/latex/letltxmacro/letltxmacro.sty
Package: letltxmacro 2019/12/03 v1.6 Let assignment for LaTeX macros (HO)
)
(/usr/local/texlive/2023/texmf-dist/tex/latex/auxhook/auxhook.sty
Package: auxhook 2019-12-17 v1.6 Hooks for auxiliary files (HO)
)
(/usr/local/texlive/2023/texmf-dist/tex/latex/hyperref/nameref.sty
Package: nameref 2022-05-17 v2.50 Cross-referencing by name of section

(/usr/local/texlive/2023/texmf-dist/tex/latex/refcount/refcount.sty
Package: refcount 2019/12/15 v3.6 Data extraction from label references (HO)
)
(/usr/local/texlive/2023/texmf-dist/tex/generic/gettitlestring/gettitlestring.s
ty
Package: gettitlestring 2019/12/15 v1.6 Cleanup title references (HO)
 (/usr/local/texlive/2023/texmf-dist/tex/latex/kvoptions/kvoptions.sty
Package: kvoptions 2022-06-15 v3.15 Key value format for package options (HO)
))
\c@section@level=\count327
)
\@linkdim=\dimen289
\Hy@linkcounter=\count328
\Hy@pagecounter=\count329

(/usr/local/texlive/2023/texmf-dist/tex/latex/hyperref/pd1enc.def
File: pd1enc.def 2023-02-07 v7.00v Hyperref: PDFDocEncoding definition (HO)
Now handling font encoding PD1 ...
... no UTF-8 mapping file for font encoding PD1
)
(/usr/local/texlive/2023/texmf-dist/tex/generic/intcalc/intcalc.sty
Package: intcalc 2019/12/15 v1.3 Expandable calculations with integers (HO)
)
(/usr/local/texlive/2023/texmf-dist/tex/generic/etexcmds/etexcmds.sty
Package: etexcmds 2019/12/15 v1.7 Avoid name clashes with e-TeX commands (HO)
)
\Hy@SavedSpaceFactor=\count330

(/usr/local/texlive/2023/texmf-dist/tex/latex/hyperref/puenc.def
File: puenc.def 2023-02-07 v7.00v Hyperref: PDF Unicode definition (HO)
Now handling font encoding PU ...
... no UTF-8 mapping file for font encoding PU
)
Package hyperref Info: Option `hyperfootnotes' set `false' on input line 4060.
Package hyperref Info: Hyper figures OFF on input line 4177.
Package hyperref Info: Link nesting OFF on input line 4182.
Package hyperref Info: Hyper index ON on input line 4185.
Package hyperref Info: Plain pages OFF on input line 4192.
Package hyperref Info: Backreferencing OFF on input line 4197.
Package hyperref Info: Implicit mode ON; LaTeX internals redefined.
Package hyperref Info: Bookmarks ON on input line 4425.
\c@Hy@tempcnt=\count331

(/usr/local/texlive/2023/texmf-dist/tex/latex/url/url.sty
\Urlmuskip=\muskip17
Package: url 2013/09/16  ver 3.4  Verb mode for urls, etc.
)
LaTeX Info: Redefining \url on input line 4763.
\XeTeXLinkMargin=\dimen290

(/usr/local/texlive/2023/texmf-dist/tex/generic/bitset/bitset.sty
Package: bitset 2019/12/09 v1.3 Handle bit-vector datatype (HO)

(/usr/local/texlive/2023/texmf-dist/tex/generic/bigintcalc/bigintcalc.sty
Package: bigintcalc 2019/12/15 v1.5 Expandable calculations on big integers (HO
)
))
\Fld@menulength=\count332
\Field@Width=\dimen291
\Fld@charsize=\dimen292
Package hyperref Info: Hyper figures OFF on input line 6042.
Package hyperref Info: Link nesting OFF on input line 6047.
Package hyperref Info: Hyper index ON on input line 6050.
Package hyperref Info: backreferencing OFF on input line 6057.
Package hyperref Info: Link coloring OFF on input line 6062.
Package hyperref Info: Link coloring with OCG OFF on input line 6067.
Package hyperref Info: PDF/A mode OFF on input line 6072.

(/usr/local/texlive/2023/texmf-dist/tex/latex/base/atbegshi-ltx.sty
Package: atbegshi-ltx 2021/01/10 v1.0c Emulation of the original atbegshi
package with kernel methods
)
\Hy@abspage=\count333
\c@Item=\count334
)
Package hyperref Info: Driver (autodetected): hpdftex.

(/usr/local/texlive/2023/texmf-dist/tex/latex/hyperref/hpdftex.def
File: hpdftex.def 2023-02-07 v7.00v Hyperref driver for pdfTeX

(/usr/local/texlive/2023/texmf-dist/tex/latex/base/atveryend-ltx.sty
Package: atveryend-ltx 2020/08/19 v1.0a Emulation of the original atveryend pac
kage
with kernel methods
)
\Fld@listcount=\count335
\c@bookmark@seq@number=\count336

(/usr/local/texlive/2023/texmf-dist/tex/latex/rerunfilecheck/rerunfilecheck.sty
Package: rerunfilecheck 2022-07-10 v1.10 Rerun checks for auxiliary files (HO)

(/usr/local/texlive/2023/texmf-dist/tex/generic/uniquecounter/uniquecounter.sty
Package: uniquecounter 2019/12/15 v1.4 Provide unlimited unique counter (HO)
)
Package uniquecounter Info: New unique counter `rerunfilecheck' on input line 2
85.
)
\Hy@SectionHShift=\skip71
)
Package hyperref Info: Option `colorlinks' set `true' on input line 558.
Package hyperref Info: Option `hypertexnames' set `false' on input line 561.
\c@tcb@cnt@block=\count337
\c@tcb@cnt@project-distinct=\count338
\c@tcb@cnt@subdisplay=\count339
 (/usr/local/texlive/2023/texmf-dist/tex/latex/pgfplots/pgfplots.sty
(/usr/local/texlive/2023/texmf-dist/tex/generic/pgfplots/pgfplots.revision.tex)
Package: pgfplots 2021/05/15 v1.18.1 Data Visualization (1.18.1)
(/usr/local/texlive/2023/texmf-dist/tex/generic/pgfplots/pgfplots.code.tex
(/usr/local/texlive/2023/texmf-dist/tex/generic/pgfplots/pgfplotscore.code.tex
\t@pgfplots@toka=\toks50
\t@pgfplots@tokb=\toks51
\t@pgfplots@tokc=\toks52
\pgfplots@tmpa=\dimen293
\c@pgfplots@coordindex=\count340
\c@pgfplots@scanlineindex=\count341

(/usr/local/texlive/2023/texmf-dist/tex/generic/pgfplots/sys/pgfplotssysgeneric
.code.tex))
(/usr/local/texlive/2023/texmf-dist/tex/generic/pgfplots/libs/pgfplotslibrary.c
ode.tex)
(/usr/local/texlive/2023/texmf-dist/tex/generic/pgfplots/oldpgfcompatib/pgfplot
soldpgfsupp_loader.code.tex
(/usr/local/texlive/2023/texmf-dist/tex/generic/pgf/libraries/pgflibraryfpu.cod
e.tex)
Package pgfplots: loading complementary utilities for your pgf version...
\t@pgf@toka=\toks53
\t@pgf@tokb=\toks54
\t@pgf@tokc=\toks55

(/usr/local/texlive/2023/texmf-dist/tex/generic/pgfplots/oldpgfcompatib/pgfplot
soldpgfsupp_pgfutil-common-lists.tex))
(/usr/local/texlive/2023/texmf-dist/tex/generic/pgfplots/util/pgfplotsutil.code
.tex
(/usr/local/texlive/2023/texmf-dist/tex/generic/pgfplots/liststructure/pgfplots
liststructure.code.tex)
(/usr/local/texlive/2023/texmf-dist/tex/generic/pgfplots/liststructure/pgfplots
liststructureext.code.tex)
(/usr/local/texlive/2023/texmf-dist/tex/generic/pgfplots/liststructure/pgfplots
array.code.tex
\c@pgfplotsarray@tmp=\count342
)
(/usr/local/texlive/2023/texmf-dist/tex/generic/pgfplots/liststructure/pgfplots
matrix.code.tex)
(/usr/local/texlive/2023/texmf-dist/tex/generic/pgfplots/numtable/pgfplotstable
shared.code.tex
\c@pgfplotstable@counta=\count343
\t@pgfplotstable@a=\toks56
)
(/usr/local/texlive/2023/texmf-dist/tex/generic/pgfplots/liststructure/pgfplots
deque.code.tex)
(/usr/local/texlive/2023/texmf-dist/tex/generic/pgfplots/util/pgfplotsbinary.co
de.tex
(/usr/local/texlive/2023/texmf-dist/tex/generic/pgfplots/util/pgfplotsbinary.da
ta.code.tex))
(/usr/local/texlive/2023/texmf-dist/tex/generic/pgfplots/util/pgfplotsutil.verb
.code.tex)
(/usr/local/texlive/2023/texmf-dist/tex/generic/pgfplots/libs/pgflibrarypgfplot
s.surfshading.code.tex
\c@pgfplotslibrarysurf@no=\count344

(/usr/local/texlive/2023/texmf-dist/tex/generic/pgfplots/sys/pgflibrarypgfplots
.surfshading.pgfsys-pdftex.def)))
(/usr/local/texlive/2023/texmf-dist/tex/generic/pgfplots/util/pgfplotscolormap.
code.tex
(/usr/local/texlive/2023/texmf-dist/tex/generic/pgfplots/util/pgfplotscolor.cod
e.tex))
(/usr/local/texlive/2023/texmf-dist/tex/generic/pgfplots/pgfplotsstackedplots.c
ode.tex)
(/usr/local/texlive/2023/texmf-dist/tex/generic/pgfplots/pgfplotsplothandlers.c
ode.tex
(/usr/local/texlive/2023/texmf-dist/tex/generic/pgfplots/pgfplotsmeshplothandle
r.code.tex
(/usr/local/texlive/2023/texmf-dist/tex/generic/pgfplots/pgfplotsmeshplotimage.
code.tex)))
(/usr/local/texlive/2023/texmf-dist/tex/generic/pgfplots/pgfplots.scaling.code.
tex)
(/usr/local/texlive/2023/texmf-dist/tex/generic/pgfplots/pgfplotscoordprocessin
g.code.tex)
(/usr/local/texlive/2023/texmf-dist/tex/generic/pgfplots/pgfplots.errorbars.cod
e.tex)
(/usr/local/texlive/2023/texmf-dist/tex/generic/pgfplots/pgfplots.markers.code.
tex)
(/usr/local/texlive/2023/texmf-dist/tex/generic/pgfplots/pgfplotsticks.code.tex
)
(/usr/local/texlive/2023/texmf-dist/tex/generic/pgfplots/pgfplots.paths.code.te
x)
(/usr/local/texlive/2023/texmf-dist/tex/generic/pgf/frontendlayer/tikz/librarie
s/tikzlibrarydecorations.code.tex
(/usr/local/texlive/2023/texmf-dist/tex/generic/pgf/modules/pgfmoduledecoration
s.code.tex
\pgfdecoratedcompleteddistance=\dimen294
\pgfdecoratedremainingdistance=\dimen295
\pgfdecoratedinputsegmentcompleteddistance=\dimen296
\pgfdecoratedinputsegmentremainingdistance=\dimen297
\pgf@decorate@distancetomove=\dimen298
\pgf@decorate@repeatstate=\count345
\pgfdecorationsegmentamplitude=\dimen299
\pgfdecorationsegmentlength=\dimen300
)
\tikz@lib@dec@box=\box132
)
(/usr/local/texlive/2023/texmf-dist/tex/generic/pgf/frontendlayer/tikz/librarie
s/tikzlibrarydecorations.pathmorphing.code.tex
(/usr/local/texlive/2023/texmf-dist/tex/generic/pgf/libraries/decorations/pgfli
brarydecorations.pathmorphing.code.tex))
(/usr/local/texlive/2023/texmf-dist/tex/generic/pgf/frontendlayer/tikz/librarie
s/tikzlibrarydecorations.pathreplacing.code.tex
(/usr/local/texlive/2023/texmf-dist/tex/generic/pgf/libraries/decorations/pgfli
brarydecorations.pathreplacing.code.tex))
(/usr/local/texlive/2023/texmf-dist/tex/generic/pgfplots/libs/tikzlibrarypgfplo
ts.contourlua.code.tex)
\pgfplots@numplots=\count346
\pgfplots@xmin@reg=\dimen301
\pgfplots@xmax@reg=\dimen302
\pgfplots@ymin@reg=\dimen303
\pgfplots@ymax@reg=\dimen304
\pgfplots@zmin@reg=\dimen305
\pgfplots@zmax@reg=\dimen306
)
(/usr/local/texlive/2023/texmf-dist/tex/generic/pgf/frontendlayer/tikz/librarie
s/tikzlibraryplotmarks.code.tex
File: tikzlibraryplotmarks.code.tex 2023-01-15 v3.1.10 (3.1.10)

(/usr/local/texlive/2023/texmf-dist/tex/generic/pgf/libraries/pgflibraryplotmar
ks.code.tex
File: pgflibraryplotmarks.code.tex 2023-01-15 v3.1.10 (3.1.10)
)))
(/usr/local/texlive/2023/texmf-dist/tex/latex/smartdiagram/smartdiagram.sty
Package: smartdiagram 2016/12/23 v0.3b Automatic creation of smart diagrams fro
m lists of items.

(/usr/local/texlive/2023/texmf-dist/tex/generic/xstring/xstring.sty
(/usr/local/texlive/2023/texmf-dist/tex/generic/xstring/xstring.tex
\integerpart=\count347
\decimalpart=\count348
)
Package: xstring 2023/01/14 v1.85 String manipulations (CT)
)
(/usr/local/texlive/2023/texmf-dist/tex/generic/pgf/frontendlayer/tikz/librarie
s/tikzlibrarybackgrounds.code.tex
File: tikzlibrarybackgrounds.code.tex 2023-01-15 v3.1.10 (3.1.10)
\pgf@layerbox@background=\box133
\pgf@layerboxsaved@background=\box134
)
(/usr/local/texlive/2023/texmf-dist/tex/generic/pgf/frontendlayer/tikz/librarie
s/tikzlibraryfadings.code.tex
File: tikzlibraryfadings.code.tex 2023-01-15 v3.1.10 (3.1.10)

(/usr/local/texlive/2023/texmf-dist/tex/generic/pgf/libraries/pgflibraryfadings
.code.tex
File: pgflibraryfadings.code.tex 2023-01-15 v3.1.10 (3.1.10)
))
(/usr/local/texlive/2023/texmf-dist/tex/generic/pgf/frontendlayer/tikz/librarie
s/tikzlibraryshadows.code.tex
File: tikzlibraryshadows.code.tex 2023-01-15 v3.1.10 (3.1.10)
)
(/usr/local/texlive/2023/texmf-dist/tex/generic/pgf/frontendlayer/tikz/librarie
s/tikzlibraryshapes.arrows.code.tex
File: tikzlibraryshapes.arrows.code.tex 2023-01-15 v3.1.10 (3.1.10)

(/usr/local/texlive/2023/texmf-dist/tex/generic/pgf/libraries/shapes/pgflibrary
shapes.arrows.code.tex
File: pgflibraryshapes.arrows.code.tex 2023-01-15 v3.1.10 (3.1.10)
))
(/usr/local/texlive/2023/texmf-dist/tex/generic/pgf/frontendlayer/tikz/librarie
s/tikzlibraryshapes.symbols.code.tex
File: tikzlibraryshapes.symbols.code.tex 2023-01-15 v3.1.10 (3.1.10)

(/usr/local/texlive/2023/texmf-dist/tex/generic/pgf/libraries/shapes/pgflibrary
shapes.symbols.code.tex
File: pgflibraryshapes.symbols.code.tex 2023-01-15 v3.1.10 (3.1.10)
))
\pgf@layerbox@smart diagram arrow back=\box135
\pgf@layerboxsaved@smart diagram arrow back=\box136

(/usr/local/texlive/2023/texmf-dist/tex/latex/smartdiagram/smartdiagramlibraryc
ore.definitions.code.tex)
(/usr/local/texlive/2023/texmf-dist/tex/latex/smartdiagram/smartdiagramlibraryc
ore.styles.code.tex)
(/usr/local/texlive/2023/texmf-dist/tex/latex/smartdiagram/smartdiagramlibraryc
ore.commands.code.tex))
(/usr/local/texlive/2023/texmf-dist/tex/generic/pgf/frontendlayer/tikz/librarie
s/tikzlibraryarrows.code.tex
File: tikzlibraryarrows.code.tex 2023-01-15 v3.1.10 (3.1.10)

(/usr/local/texlive/2023/texmf-dist/tex/generic/pgf/libraries/pgflibraryarrows.
code.tex
File: pgflibraryarrows.code.tex 2023-01-15 v3.1.10 (3.1.10)
\arrowsize=\dimen307
))
(/usr/local/texlive/2023/texmf-dist/tex/generic/pgf/frontendlayer/tikz/librarie
s/tikzlibrarymatrix.code.tex
File: tikzlibrarymatrix.code.tex 2023-01-15 v3.1.10 (3.1.10)
)
(/usr/local/texlive/2023/texmf-dist/tex/generic/pgf/frontendlayer/tikz/librarie
s/tikzlibrarypositioning.code.tex
File: tikzlibrarypositioning.code.tex 2023-01-15 v3.1.10 (3.1.10)
)
(/usr/local/texlive/2023/texmf-dist/tex/latex/circuitikz/circuitikz.sty
Package: circuitikz 2023/02/11{} The CircuiTikz circuit drawing package version
 1.6.1

(/usr/local/texlive/2023/texmf-dist/tex/generic/pgf/libraries/pgflibraryarrows.
meta.code.tex
File: pgflibraryarrows.meta.code.tex 2023-01-15 v3.1.10 (3.1.10)
\pgfarrowinset=\dimen308
\pgfarrowlength=\dimen309
\pgfarrowwidth=\dimen310
\pgfarrowlinewidth=\dimen311
)
(/usr/local/texlive/2023/texmf-dist/tex/generic/pgf/frontendlayer/tikz/librarie
s/tikzlibrarybending.code.tex
File: tikzlibrarybending.code.tex 2023-01-15 v3.1.10 (3.1.10)

(/usr/local/texlive/2023/texmf-dist/tex/generic/pgf/modules/pgfmodulebending.co
de.tex
File: pgfmodulebending.code.tex 2023-01-15 v3.1.10 (3.1.10)

(/usr/local/texlive/2023/texmf-dist/tex/generic/pgf/modules/pgfmodulenonlineart
ransformations.code.tex
File: pgfmodulenonlineartransformations.code.tex 2023-01-15 v3.1.10 (3.1.10)
\pgftransformnonlinearflatness=\dimen312
)
(/usr/local/texlive/2023/texmf-dist/tex/generic/pgf/libraries/pgflibrarycurvili
near.code.tex
File: pgflibrarycurvilinear.code.tex 2023-01-15 v3.1.10 (3.1.10)
\pgf@curvilinear@time@a=\dimen313
\pgf@curvilinear@length@a=\dimen314
\pgf@curvilinear@length@b=\dimen315
\pgf@curvilinear@length@c=\dimen316
\pgf@curvilinear@length@d=\dimen317
)
\pgf@arrows@the@rigidity=\dimen318
))
(/usr/local/texlive/2023/texmf-dist/tex/generic/pgf/frontendlayer/tikz/librarie
s/tikzlibraryfpu.code.tex)
(/usr/local/texlive/2023/texmf-dist/tex/generic/circuitikz/pgfcirc.defines.tex
\pgf@circ@count@a=\count349
\pgf@circ@count@b=\count350
\pgf@circ@count@c=\count351
\pgf@circ@res@up=\dimen319
\pgf@circ@res@down=\dimen320
\pgf@circ@res@zero=\dimen321
\pgf@circ@res@left=\dimen322
\pgf@circ@res@right=\dimen323
\pgf@circ@res@other=\dimen324
\pgf@circ@res@step=\dimen325
\pgf@circ@res@temp=\dimen326
\pgf@circ@Rlen=\dimen327
\pgf@circ@scaled@Rlen=\dimen328
\pgfstartlinewidth=\dimen329
) (/usr/local/texlive/2023/texmf-dist/tex/generic/circuitikz/pgfcircutils.tex
\ctikz@scratchbox=\box137
)
(/usr/local/texlive/2023/texmf-dist/tex/generic/circuitikz/pgfcircpath.tex)
(/usr/local/texlive/2023/texmf-dist/tex/generic/circuitikz/pgfcircshapes.tex)
(/usr/local/texlive/2023/texmf-dist/tex/generic/circuitikz/pgfcircmonopoles.tex
) (/usr/local/texlive/2023/texmf-dist/tex/generic/circuitikz/pgfcircbipoles.tex
)
(/usr/local/texlive/2023/texmf-dist/tex/generic/circuitikz/pgfcirctripoles.tex
\pgf@circ@res@count=\count352
)
(/usr/local/texlive/2023/texmf-dist/tex/generic/circuitikz/pgfcircquadpoles.tex
)
(/usr/local/texlive/2023/texmf-dist/tex/generic/circuitikz/pgfcircmultipoles.te
x) (/usr/local/texlive/2023/texmf-dist/tex/generic/circuitikz/pgfcirclabel.tex)
(/usr/local/texlive/2023/texmf-dist/tex/generic/circuitikz/pgfcircvoltage.tex
\pgfcirc@labelshift=\dimen330
)
(/usr/local/texlive/2023/texmf-dist/tex/generic/circuitikz/pgfcirccurrent.tex)
(/usr/local/texlive/2023/texmf-dist/tex/generic/circuitikz/pgfcircflow.tex))
(/usr/local/texlive/2023/texmf-dist/tex/latex/extpfeil/extpfeil.sty
Package: extpfeil 2009/10/31 v0.4 Extensible Pfeile (PE)

(/usr/local/texlive/2023/texmf-dist/tex/latex/mathtools/mathtools.sty
Package: mathtools 2022/06/29 v1.29 mathematical typesetting tools

(/usr/local/texlive/2023/texmf-dist/tex/latex/tools/calc.sty
Package: calc 2017/05/25 v4.3 Infix arithmetic (KKT,FJ)
\calc@Acount=\count353
\calc@Bcount=\count354
\calc@Adimen=\dimen331
\calc@Bdimen=\dimen332
\calc@Askip=\skip72
\calc@Bskip=\skip73
LaTeX Info: Redefining \setlength on input line 80.
LaTeX Info: Redefining \addtolength on input line 81.
\calc@Ccount=\count355
\calc@Cskip=\skip74
)
(/usr/local/texlive/2023/texmf-dist/tex/latex/mathtools/mhsetup.sty
Package: mhsetup 2021/03/18 v1.4 programming setup (MH)
)
\g_MT_multlinerow_int=\count356
\l_MT_multwidth_dim=\dimen333
\origjot=\skip75
\l_MT_shortvdotswithinadjustabove_dim=\dimen334
\l_MT_shortvdotswithinadjustbelow_dim=\dimen335
\l_MT_above_intertext_sep=\dimen336
\l_MT_below_intertext_sep=\dimen337
\l_MT_above_shortintertext_sep=\dimen338
\l_MT_below_shortintertext_sep=\dimen339
\xmathstrut@box=\box138
\xmathstrut@dim=\dimen340
)
(/usr/local/texlive/2023/texmf-dist/tex/latex/stmaryrd/stmaryrd.sty
Package: stmaryrd 1994/03/03 St Mary's Road symbol package
\symstmry=\mathgroup6
LaTeX Font Info:    Overwriting symbol font `stmry' in version `bold'
(Font)                  U/stmry/m/n --> U/stmry/b/n on input line 89.
))
(/Users/lyonsdw/a/teach/notes/algeom/algeom_text_files/output/print-latex/main.
aux)
\openout1 = `main.aux'.

LaTeX Font Info:    Checking defaults for OML/cmm/m/it on input line 736.
LaTeX Font Info:    ... okay on input line 736.
LaTeX Font Info:    Checking defaults for OMS/cmsy/m/n on input line 736.
LaTeX Font Info:    ... okay on input line 736.
LaTeX Font Info:    Checking defaults for OT1/cmr/m/n on input line 736.
LaTeX Font Info:    ... okay on input line 736.
LaTeX Font Info:    Checking defaults for T1/cmr/m/n on input line 736.
LaTeX Font Info:    ... okay on input line 736.
LaTeX Font Info:    Checking defaults for TS1/cmr/m/n on input line 736.
LaTeX Font Info:    ... okay on input line 736.
LaTeX Font Info:    Checking defaults for OMX/cmex/m/n on input line 736.
LaTeX Font Info:    ... okay on input line 736.
LaTeX Font Info:    Checking defaults for U/cmr/m/n on input line 736.
LaTeX Font Info:    ... okay on input line 736.
LaTeX Font Info:    Checking defaults for PD1/pdf/m/n on input line 736.
LaTeX Font Info:    ... okay on input line 736.
LaTeX Font Info:    Checking defaults for PU/pdf/m/n on input line 736.
LaTeX Font Info:    ... okay on input line 736.

*geometry* driver: auto-detecting
*geometry* detected driver: pdftex
*geometry* verbose mode - [ preamble ] result:
* driver: pdftex
* paper: custom
* layout: <same size as paper>
* layoutoffset:(h,v)=(0.0pt,0.0pt)
* modes: 
* h-part:(L,W,R)=(54.2025pt, 325.215pt, 54.2025pt)
* v-part:(T,H,B)=(43.362pt, 542.025pt, 65.043pt)
* \paperwidth=433.62pt
* \paperheight=650.43pt
* \textwidth=325.215pt
* \textheight=542.025pt
* \oddsidemargin=-18.06749pt
* \evensidemargin=-18.06749pt
* \topmargin=-58.97548pt
* \headheight=12.0pt
* \headsep=18.06749pt
* \topskip=10.0pt
* \footskip=25.29494pt
* \marginparwidth=69.0pt
* \marginparsep=7.0pt
* \columnsep=10.0pt
* \skip\footins=9.0pt plus 4.0pt minus 2.0pt
* \hoffset=0.0pt
* \voffset=0.0pt
* \mag=1000
* \@twocolumnfalse
* \@twosidefalse
* \@mparswitchfalse
* \@reversemarginfalse
* (1in=72.27pt=25.4mm, 1cm=28.453pt)

(/usr/local/texlive/2023/texmf-dist/tex/context/base/mkii/supp-pdf.mkii
[Loading MPS to PDF converter (version 2006.09.02).]
\scratchcounter=\count357
\scratchdimen=\dimen341
\scratchbox=\box139
\nofMPsegments=\count358
\nofMParguments=\count359
\everyMPshowfont=\toks57
\MPscratchCnt=\count360
\MPscratchDim=\dimen342
\MPnumerator=\count361
\makeMPintoPDFobject=\count362
\everyMPtoPDFconversion=\toks58
) (/usr/local/texlive/2023/texmf-dist/tex/latex/epstopdf-pkg/epstopdf-base.sty
Package: epstopdf-base 2020-01-24 v2.11 Base part for package epstopdf
Package epstopdf-base Info: Redefining graphics rule for `.eps' on input line 4
85.

(/usr/local/texlive/2023/texmf-dist/tex/latex/latexconfig/epstopdf-sys.cfg
File: epstopdf-sys.cfg 2010/07/13 v1.3 Configuration of (r)epstopdf for TeX Liv
e
))
LaTeX Info: Redefining \microtypecontext on input line 736.
Package microtype Info: Applying patch `item' on input line 736.
Package microtype Info: Applying patch `toc' on input line 736.
Package microtype Info: Applying patch `eqnum' on input line 736.
Package microtype Info: Applying patch `footnote' on input line 736.
Package microtype Info: Applying patch `verbatim' on input line 736.
Package microtype Info: Generating PDF output.
Package microtype Info: Character protrusion enabled (level 2).
Package microtype Info: Using default protrusion set `alltext'.
Package microtype Info: Automatic font expansion enabled (level 2),
(microtype)             stretch: 20, shrink: 20, step: 1, non-selected.
Package microtype Info: Using default expansion set `alltext-nott'.
LaTeX Info: Redefining \showhyphens on input line 736.
Package microtype Info: No adjustment of tracking.
Package microtype Info: No adjustment of interword spacing.
Package microtype Info: No adjustment of character kerning.

(/usr/local/texlive/2023/texmf-dist/tex/latex/microtype/mt-cmr.cfg
File: mt-cmr.cfg 2013/05/19 v2.2 microtype config. file: Computer Modern Roman 
(RS)
)
Package hyperref Info: Link coloring ON on input line 736.

(/Users/lyonsdw/a/teach/notes/algeom/algeom_text_files/output/print-latex/main.
out)
(/Users/lyonsdw/a/teach/notes/algeom/algeom_text_files/output/print-latex/main.
out)
\@outlinefile=\write5
\openout5 = `main.out'.



Package pgfplots Warning: running in backwards compatibility mode (unsuitable t
ick labels; missing features). Consider writing \pgfplotsset{compat=1.18} into 
your preamble.
 on input line 736.

[1


{/usr/local/texlive/2023/texmf-var/fonts/map/pdftex/updmap/pdftex.map}{/usr/loc
al/texlive/2023/texmf-dist/fonts/enc/dvips/lm/lm-ec.enc}] [2

]
LaTeX Font Info:    Trying to load font information for OT1+lmr on input line 7
64.

(/usr/local/texlive/2023/texmf-dist/tex/latex/lm/ot1lmr.fd
File: ot1lmr.fd 2015/05/01 v1.6.1 Font defs for Latin Modern
)
LaTeX Font Info:    Trying to load font information for OML+lmm on input line 7
64.

(/usr/local/texlive/2023/texmf-dist/tex/latex/lm/omllmm.fd
File: omllmm.fd 2015/05/01 v1.6.1 Font defs for Latin Modern
)
LaTeX Font Info:    Trying to load font information for OMS+lmsy on input line 
764.

(/usr/local/texlive/2023/texmf-dist/tex/latex/lm/omslmsy.fd
File: omslmsy.fd 2015/05/01 v1.6.1 Font defs for Latin Modern
)
LaTeX Font Info:    Trying to load font information for OMX+lmex on input line 
764.

(/usr/local/texlive/2023/texmf-dist/tex/latex/lm/omxlmex.fd
File: omxlmex.fd 2015/05/01 v1.6.1 Font defs for Latin Modern
)
LaTeX Font Info:    External font `lmex10' loaded for size
(Font)              <10> on input line 764.
LaTeX Font Info:    External font `lmex10' loaded for size
(Font)              <7> on input line 764.
LaTeX Font Info:    External font `lmex10' loaded for size
(Font)              <5> on input line 764.
LaTeX Font Info:    Trying to load font information for U+msa on input line 764
.

(/usr/local/texlive/2023/texmf-dist/tex/latex/amsfonts/umsa.fd
File: umsa.fd 2013/01/14 v3.01 AMS symbols A
)
(/usr/local/texlive/2023/texmf-dist/tex/latex/microtype/mt-msa.cfg
File: mt-msa.cfg 2006/02/04 v1.1 microtype config. file: AMS symbols (a) (RS)
)
LaTeX Font Info:    Trying to load font information for U+msb on input line 764
.

(/usr/local/texlive/2023/texmf-dist/tex/latex/amsfonts/umsb.fd
File: umsb.fd 2013/01/14 v3.01 AMS symbols B
)
(/usr/local/texlive/2023/texmf-dist/tex/latex/microtype/mt-msb.cfg
File: mt-msb.cfg 2005/06/01 v1.0 microtype config. file: AMS symbols (b) (RS)
)
LaTeX Font Info:    Trying to load font information for U+stmry on input line 7
64.

(/usr/local/texlive/2023/texmf-dist/tex/latex/stmaryrd/Ustmry.fd)
LaTeX Font Info:    External font `lmex10' loaded for size
(Font)              <8> on input line 764.
LaTeX Font Info:    External font `lmex10' loaded for size
(Font)              <6> on input line 764.
LaTeX Font Info:    Trying to load font information for T1+lmtt on input line 7
64.

(/usr/local/texlive/2023/texmf-dist/tex/latex/lm/t1lmtt.fd
File: t1lmtt.fd 2015/05/01 v1.6.1 Font defs for Latin Modern
)
Package microtype Info: Loading generic protrusion settings for font family
(microtype)             `lmtt' (encoding: T1).
(microtype)             For optimal results, create family-specific settings.
(microtype)             See the microtype manual for details.
LaTeX Font Info:    External font `lmex10' loaded for size
(Font)              <9> on input line 764.
LaTeX Font Info:    Trying to load font information for TS1+lmr on input line 7
67.

(/usr/local/texlive/2023/texmf-dist/tex/latex/lm/ts1lmr.fd
File: ts1lmr.fd 2015/05/01 v1.6.1 Font defs for Latin Modern
)
Overfull \hbox (11.27383pt too wide) in paragraph at lines 767--769
\T1/lmr/m/n/10 (-20) This work is li-censed un-der the [][]Cre-ative Com-mons A
ttribution-NonCommercial-
 []

[3

{/usr/local/texlive/2023/texmf-dist/fonts/enc/dvips/lm/lm-ts1.enc}]
************************************************
Preface Preface
************************************************
[4


] [5]
(/Users/lyonsdw/a/teach/notes/algeom/algeom_text_files/output/print-latex/main.
toc [6

])
\tf@toc=\write6
\openout6 = `main.toc'.

 [7]
************************************************
Chapter 1 Preliminaries
************************************************
Chapter 1.
************************************************
Section 1.1 The Complex Plane
************************************************
<external/images/lines_in_complex_plane.png, id=266, 216.81pt x 176.8206pt>
File: external/images/lines_in_complex_plane.png Graphic file (type png)
<use external/images/lines_in_complex_plane.png>
Package pdftex.def Info: external/images/lines_in_complex_plane.png  used on in
put line 891.
(pdftex.def)             Requested size: 130.92401pt x 106.78116pt.
************************************************
Exercises 1.1 Exercises
************************************************
[1


{/usr/local/texlive/2023/texmf-dist/fonts/enc/dvips/lm/lm-mathit.enc}{/usr/loca
l/texlive/2023/texmf-dist/fonts/enc/dvips/lm/lm-rm.enc}{/usr/local/texlive/2023
/texmf-dist/fonts/enc/dvips/lm/lm-mathsy.enc}] [2{/usr/local/texlive/2023/texmf
-dist/fonts/enc/dvips/lm/lm-mathex.enc} <./external/images/lines_in_complex_pla
ne.png>]
************************************************
Section 1.2 Quaternions
************************************************
************************************************
Subsection 1.2.1 Cartesian form and pure quaternions
************************************************
************************************************
Subsection 1.2.2 Correspondence with complex matrices
************************************************
[3]
************************************************
Subsection 1.2.3 Addition and multiplication
************************************************
[4]
************************************************
Subsection 1.2.4 Conjugate, modulus, and polar form
************************************************
[5]
************************************************
Subsection 1.2.5 Quaternions as rotations of \(\mathbb {R}^3_\mathbb {H}\)
************************************************
LaTeX Font Info:    External font `lmex10' loaded for size
(Font)              <12> on input line 1098.
[6]
************************************************
Exercises 1.2.6 Exercises
************************************************
************************************************
Section 1.3 Stereographic projection
************************************************
************************************************
Subsection 1.3.1 Stereographic projection \(S^1\to \hat {\mathbb {R}}\)
************************************************
[7]
<external/images/stereoproj.png, id=421, 523.9575pt x 238.8925pt>
File: external/images/stereoproj.png Graphic file (type png)
<use external/images/stereoproj.png>
Package pdftex.def Info: external/images/stereoproj.png  used on input line 117
4.
(pdftex.def)             Requested size: 196.09099pt x 89.40584pt.

************************************************
Subsection 1.3.2 Stereographic projection \(S^2\to \hat {\mathbb {C}}\)
************************************************
<external/images/stereoproj2.png, id=424, 447.6725pt x 239.89626pt>
File: external/images/stereoproj2.png Graphic file (type png)
<use external/images/stereoproj2.png>
Package pdftex.def Info: external/images/stereoproj2.png  used on input line 12
12.
(pdftex.def)             Requested size: 196.09099pt x 105.08246pt.
[8 <./external/images/stereoproj.png>]
************************************************
Subsection 1.3.3 Conjugate Transformations
************************************************
************************************************
Exercises 1.3.4 Exercises
************************************************
[9 <./external/images/stereoproj2.png>]
Underfull \hbox (badness 5847) in paragraph at lines 1312--1314
[][]| []\T1/lmr/bx/n/10 (+20) Projections of end-points of di-am-e-ters. []\T1/
lmr/m/n/10 (+20) Show that
 []

[10]
************************************************
Section 1.4 Equivalence relations
************************************************
************************************************
Subsection 1.4.1 Definitions
************************************************
************************************************
Subsection 1.4.2 The integers modulo an integer \(n\)
************************************************
[11]
************************************************
Subsection 1.4.3 Facts
************************************************
************************************************
Exercises 1.4.4 Exercises
************************************************
[12] [13]
************************************************
Section 1.5 More preliminary topics
************************************************
************************************************
Subsection 1.5.1 A useful tool: commutative diagrams
************************************************
<external/images/digraphegfig.png, id=528, 197.73875pt x 179.67125pt>
File: external/images/digraphegfig.png Graphic file (type png)
<use external/images/digraphegfig.png>
Package pdftex.def Info: external/images/digraphegfig.png  used on input line 1
508.
(pdftex.def)             Requested size: 98.34549pt x 89.3611pt.
[14 <./external/images/digraphegfig.png>]
<external/images/conjtransdefdiagram.png, id=544, 139.52126pt x 136.51pt>
File: external/images/conjtransdefdiagram.png Graphic file (type png)
<use external/images/conjtransdefdiagram.png>
Package pdftex.def Info: external/images/conjtransdefdiagram.png  used on input
 line 1529.
(pdftex.def)             Requested size: 82.05376pt x 80.28398pt.
<external/images/commutediagramtestfig.png, id=546, 161.60374pt x 141.52875pt>
File: external/images/commutediagramtestfig.png Graphic file (type png)
<use external/images/commutediagramtestfig.png>
Package pdftex.def Info: external/images/commutediagramtestfig.png  used on inp
ut line 1535.
(pdftex.def)             Requested size: 82.05376pt x 71.86124pt.

************************************************
Exercises 1.5.2 Exercises
************************************************
<external/images/quaternion_reflection.png, id=553, 148.8762pt x 225.0006pt>
File: external/images/quaternion_reflection.png Graphic file (type png)
<use external/images/quaternion_reflection.png>
Package pdftex.def Info: external/images/quaternion_reflection.png  used on inp
ut line 1551.
(pdftex.def)             Requested size: 92.06718pt x 139.14186pt.
[15 <./external/images/conjtransdefdiagram.png> <./external/images/commutediagr
amtestfig.png>]
<external/images/distlawexer_diagram_blank.png, id=572, 179.67125pt x 117.43875
pt>
File: external/images/distlawexer_diagram_blank.png Graphic file (type png)
<use external/images/distlawexer_diagram_blank.png>
Package pdftex.def Info: external/images/distlawexer_diagram_blank.png  used on
 input line 1569.
(pdftex.def)             Requested size: 84.56711pt x 55.27684pt.

************************************************
Chapter 2 Groups
************************************************
[16 <./external/images/quaternion_reflection.png> <./external/images/distlawexe
r_diagram_blank.png>]
Chapter 2.
************************************************
Section 2.1 Examples of groups
************************************************
************************************************
Subsection 2.1.1 Permutations
************************************************
[17

]
************************************************
Subsection 2.1.2 Symmetries of regular polygons
************************************************
<external/images/ngonsymm_clip.jpg, id=603, 1945.2675pt x 1836.8625pt>
File: external/images/ngonsymm_clip.jpg Graphic file (type jpg)
<use external/images/ngonsymm_clip.jpg>
Package pdftex.def Info: external/images/ngonsymm_clip.jpg  used on input line 
1638.
(pdftex.def)             Requested size: 196.09099pt x 185.15448pt.
<external/images/rotrefl_clip.jpg, id=606, 2199.21625pt x 756.8275pt>
File: external/images/rotrefl_clip.jpg Graphic file (type jpg)
<use external/images/rotrefl_clip.jpg>
Package pdftex.def Info: external/images/rotrefl_clip.jpg  used on input line 1
644.
(pdftex.def)             Requested size: 293.83151pt x 101.11641pt.
[18 <./external/images/ngonsymm_clip.jpg>]
<external/images/d4labeling.png, id=621, 188.8656pt x 175.857pt>
File: external/images/d4labeling.png Graphic file (type png)
<use external/images/d4labeling.png>
Package pdftex.def Info: external/images/d4labeling.png  used on input line 167
0.
(pdftex.def)             Requested size: 131.16402pt x 122.13304pt.
 [19 <./external/images/rotrefl_clip.jpg>]
************************************************
Subsection 2.1.3 The norm 1 complex numbers
************************************************
************************************************
Subsection 2.1.4 The \(n\)-th roots of unity
************************************************
[20 <./external/images/d4labeling.png>]
************************************************
Subsection 2.1.5 Integers
************************************************
************************************************
Subsection 2.1.6 Invertible matrices
************************************************
************************************************
Subsection 2.1.7 Nonzero elements in a field
************************************************
************************************************
Subsection 2.1.8 Unit quaternions
************************************************
[21]
************************************************
Exercises 2.1.9 Exercises
************************************************
[22]
************************************************
Section 2.2 Definition of a group
************************************************
[23]
************************************************
Exercises 2.2 Exercises
************************************************
[24] [25]
************************************************
Section 2.3 Subgroups and cosets
************************************************
[26] [27]
************************************************
Exercises 2.3 Exercises
************************************************
[28]
************************************************
Section 2.4 Group homomorphisms
************************************************
[29] [30]
************************************************
Exercises 2.4 Exercises
************************************************
[31]
Overfull \hbox (22.89424pt too wide) in paragraph at lines 2348--2353
\T1/lmr/bx/n/10 (-20) Characterization of nor-mal sub-groups.  []  [][]\T1/lmr/
m/n/10 (-20) Propo-si-tion [][]2.4.9[][][][][][]Item 1[][][][]Item 2[][][][]Pro
po-
 []

[32]
************************************************
Section 2.5 Group actions
************************************************
[33]
************************************************
Exercises 2.5 Exercises
************************************************
[34] [35] [36]
************************************************
Section 2.6 Additional exercises
************************************************
************************************************
Exercises 2.6 Exercises
************************************************
[37] [38] [39]
************************************************
Chapter 3 Geometries
************************************************
[40]
Chapter 3.
************************************************
Section 3.1 Geometries and models
************************************************
************************************************
Subsection 3.1.1 Examples of geometries
************************************************
[41

]
************************************************
Subsection 3.1.2 Planar geometries
************************************************
<external/images/conformal_def_fig.png, id=1100, 260.172pt x 124.7862pt>
File: external/images/conformal_def_fig.png Graphic file (type png)
<use external/images/conformal_def_fig.png>
Package pdftex.def Info: external/images/conformal_def_fig.png  used on input l
ine 2746.
(pdftex.def)             Requested size: 196.09099pt x 94.0559pt.
[42 <./external/images/conformal_def_fig.png>]
************************************************
Subsection 3.1.3 Subgeometries and equivalent geometries
************************************************
************************************************
Exercises 3.1.4 Exercises
************************************************

Underfull \hbox (badness 5847) in paragraph at lines 2803--2804
[]\T1/lmr/m/n/10 (+20) Find all pos-si-ble spher-i-cal con-gru-ences that take 
the
 []


Underfull \hbox (badness 1231) in paragraph at lines 2803--2804
\T1/lmr/m/n/10 (+20) three points $\OT1/lmr/m/n/10 (+20) (0\OML/lmm/m/it/10 ; \
OT1/lmr/m/n/10 (+20) 0\OML/lmm/m/it/10 ; \OT1/lmr/m/n/10 (+20) 1)\OML/lmm/m/it/
10 ; \OT1/lmr/m/n/10 (+20) (0\OML/lmm/m/it/10 ; \OT1/lmr/m/n/10 (+20) 0\OML/lmm
/m/it/10 ; \OMS/lmsy/m/n/10 ^^@\OT1/lmr/m/n/10 (+20) 1)\OML/lmm/m/it/10 ; \OT1/
lmr/m/n/10 (+20) (1\OML/lmm/m/it/10 ; \OT1/lmr/m/n/10 (+20) 0\OML/lmm/m/it/10 ;
 \OT1/lmr/m/n/10 (+20) 0)$ \T1/lmr/m/n/10 (+20) to the three points
 []


Underfull \hbox (badness 6575) in paragraph at lines 2804--2805
[]\T1/lmr/m/n/10 (+20) Find the pro-jec-tive trans-for-ma-tion in $\OML/lmm/m/i
t/10 PGL\OT1/lmr/m/n/10 (+20) (2\OML/lmm/m/it/10 ; \U/msb/m/n/10 C\OT1/lmr/m/n/
10 (+20) )$ \T1/lmr/m/n/10 (+20) that
 []


Underfull \hbox (badness 4403) in paragraph at lines 2804--2805
\T1/lmr/m/n/10 (+20) takes the three points $\OT1/lmr/m/n/10 (+20) [(1\OML/lmm/
m/it/10 ; \OT1/lmr/m/n/10 (+20) 1)]\OML/lmm/m/it/10 ; \OT1/lmr/m/n/10 (+20) [(0
\OML/lmm/m/it/10 ; \OT1/lmr/m/n/10 (+20) 1)]\OML/lmm/m/it/10 ; \OT1/lmr/m/n/10 
(+20) [(1\OML/lmm/m/it/10 ; \OT1/lmr/m/n/10 (+20) 0)]$ \T1/lmr/m/n/10 (+20) in 
$\U/msb/m/n/10 P\OT1/lmr/m/n/10 (+20) (\U/msb/m/n/10 C[]\OT1/lmr/m/n/10 (+20) )
$\T1/lmr/m/n/10 (+20) to
 []

[43]
<external/images/curve_angle_limit2.png, id=1137, 184.0476pt x 220.1826pt>
File: external/images/curve_angle_limit2.png Graphic file (type png)
<use external/images/curve_angle_limit2.png>
Package pdftex.def Info: external/images/curve_angle_limit2.png  used on input 
line 2812.
(pdftex.def)             Requested size: 130.92401pt x 156.62639pt.
 [44 <./external/images/curve_angle_limit2.png>]
************************************************
Section 3.2 Mbius geometry
************************************************
************************************************
Subsection 3.2.1 Mbius transformations
************************************************
[45] [46]
************************************************
Subsection 3.2.2 The Fundamental Theorem of Mbius Geometry
************************************************
[47]
************************************************
Subsection 3.2.3 Cross ratio
************************************************
************************************************
Subsection 3.2.4 Clines (generalized circles)
************************************************
[48]
************************************************
Subsection 3.2.5 Symmetry with respect to a cline
************************************************
<external/images/symmetric_pt2.png, id=1275, 433.62pt x 163.812pt>
File: external/images/symmetric_pt2.png Graphic file (type png)
<use external/images/symmetric_pt2.png>
Package pdftex.def Info: external/images/symmetric_pt2.png  used on input line 
3068.
(pdftex.def)             Requested size: 293.83151pt x 111.00824pt.
[49]
************************************************
Subsection 3.2.6 Normal forms
************************************************
[50 <./external/images/symmetric_pt2.png>]
Overfull \hbox (2.805pt too wide) in paragraph at lines 3138--3154
 [][] 
 []

************************************************
Subsection 3.2.7 Steiner circles
************************************************
<external/images/2fixedptgrid.png, id=1320, 545.3976pt x 250.0542pt>
File: external/images/2fixedptgrid.png Graphic file (type png)
<use external/images/2fixedptgrid.png>
Package pdftex.def Info: external/images/2fixedptgrid.png  used on input line 3
166.
(pdftex.def)             Requested size: 326.41501pt x 149.65974pt.
<external/images/degenerate_grid_lines.png, id=1321, 535.2798pt x 234.1548pt>
File: external/images/degenerate_grid_lines.png Graphic file (type png)
<use external/images/degenerate_grid_lines.png>
Package pdftex.def Info: external/images/degenerate_grid_lines.png  used on inp
ut line 3172.
(pdftex.def)             Requested size: 326.41501pt x 142.7949pt.
[51] [52 <./external/images/2fixedptgrid.png> <./external/images/degenerate_gri
d_lines.png>]
************************************************
Exercises 3.2.8 Exercises
************************************************
[53]
<external/images/symmpts.png, id=1386, 403.7484pt x 137.7948pt>
File: external/images/symmpts.png Graphic file (type png)
<use external/images/symmpts.png>
Package pdftex.def Info: external/images/symmpts.png  used on input line 3247.
(pdftex.def)             Requested size: 261.25299pt x 89.16815pt.

Overfull \hbox (9.73221pt too wide) detected at line 3291
[]
 []

[54 <./external/images/symmpts.png>] [55]
************************************************
Section 3.3 Hyperbolic geometry
************************************************
[56]
************************************************
Subsection 3.3.1 The hyperbolic transformation group
************************************************
[57]
************************************************
Subsection 3.3.2 Classification of clines in hyperbolic geometry
************************************************
[58]
************************************************
Subsection 3.3.3 Normal forms for the hyperbolic group
************************************************
<external/images/hyperbolic_transformations.png, id=1497, 554.07pt x 188.8656pt
>
File: external/images/hyperbolic_transformations.png Graphic file (type png)
<use external/images/hyperbolic_transformations.png>
Package pdftex.def Info: external/images/hyperbolic_transformations.png  used o
n input line 3463.
(pdftex.def)             Requested size: 326.41501pt x 111.26546pt.
[59 <./external/images/hyperbolic_transformations.png>]
Overfull \hbox (5.0212pt too wide) in paragraph at lines 3478--3508
 [][] 
 []

************************************************
Subsection 3.3.4 Hyperbolic length and area
************************************************
<external/images/hyperbolic_distance2.png, id=1525, 225.9642pt x 140.6856pt>
File: external/images/hyperbolic_distance2.png Graphic file (type png)
<use external/images/hyperbolic_distance2.png>
Package pdftex.def Info: external/images/hyperbolic_distance2.png  used on inpu
t line 3519.
(pdftex.def)             Requested size: 163.5075pt x 101.80444pt.
[60 <./external/images/hyperbolic_distance2.png>] [61]
************************************************
Subsection 3.3.5 The upper-half plane model
************************************************
[62]
************************************************
Exercises 3.3.6 Exercises
************************************************
[63]
<external/images/hyperbolic_tri_ineq.png, id=1627, 343.5234pt x 106.4778pt>
File: external/images/hyperbolic_tri_ineq.png Graphic file (type png)
<use external/images/hyperbolic_tri_ineq.png>
Package pdftex.def Info: external/images/hyperbolic_tri_ineq.png  used on input
 line 3697.
(pdftex.def)             Requested size: 261.25299pt x 80.98244pt.
 [64] [65 <./external/images/hyperbolic_tri_ineq.png>]
<external/images/hyperbolic_triangle_area.png, id=1669, 196.0926pt x 166.7028pt
>
File: external/images/hyperbolic_triangle_area.png Graphic file (type png)
<use external/images/hyperbolic_triangle_area.png>
Package pdftex.def Info: external/images/hyperbolic_triangle_area.png  used on 
input line 3745.
(pdftex.def)             Requested size: 163.5075pt x 139.00937pt.
<external/images/2asymp_tri_upperhalfplane.png, id=1674, 257.2812pt x 178.7478p
t>
File: external/images/2asymp_tri_upperhalfplane.png Graphic file (type png)
<use external/images/2asymp_tri_upperhalfplane.png>
Package pdftex.def Info: external/images/2asymp_tri_upperhalfplane.png  used on
 input line 3761.
(pdftex.def)             Requested size: 144.41824pt x 100.34082pt.
 [66 <./external/images/hyperbolic_triangle_area.png>]
Underfull \hbox (badness 10000) in paragraph at lines 3781--3783
\T1/lmr/bx/n/10 (+20) Hint\T1/lmr/m/n/10 (+20) .[] Par-ti-tion the asymp-totic 
hexagon with ver-tices
 []

************************************************
Section 3.4 Elliptic geometry
************************************************
[67 <./external/images/2asymp_tri_upperhalfplane.png>]
************************************************
Subsection 3.4.1 The group of unit quaternions
************************************************
************************************************
Subsection 3.4.2 The group of rotations of the 2-sphere
************************************************
<external/images/vectangrot.png, id=1712, 187.902pt x 125.7498pt>
File: external/images/vectangrot.png Graphic file (type png)
<use external/images/vectangrot.png>
Package pdftex.def Info: external/images/vectangrot.png  used on input line 386
1.
(pdftex.def)             Requested size: 130.92401pt x 87.62321pt.
[68] [69 <./external/images/vectangrot.png>]
<external/images/rot_decomp2.png, id=1752, 394.5942pt x 339.669pt>
File: external/images/rot_decomp2.png Graphic file (type png)
<use external/images/rot_decomp2.png>
Package pdftex.def Info: external/images/rot_decomp2.png  used on input line 39
27.
(pdftex.def)             Requested size: 327.01501pt x 281.51575pt.
 [70]
************************************************
Subsection 3.4.3 The elliptic subgroup of the Mbius group
************************************************
[71 <./external/images/rot_decomp2.png>]
Underfull \hbox (badness 10000) in paragraph at lines 3975--3978
[][]\T1/lmr/bx/n/10 (+20) Checkpoint 3.4.13 []\T1/lmr/m/n/10 (+20) Let $\OML/lm
m/m/it/10 M[]; M[]$ \T1/lmr/m/n/10 (+20) de-note the ma-tri-ces
 []


Underfull \hbox (badness 10000) in paragraph at lines 3975--3978
[] \OML/lmm/m/it/10 ; []$\T1/lmr/m/n/10 (+20) , re-spec-tively. Ver-ify that
 []

************************************************
Subsection 3.4.4 Circles in \(S^2\) and clines in \(\hat {\mathbb {C}}\)
************************************************
[72]
************************************************
Subsection 3.4.5 Angles and orientation on \(S^2\)
************************************************
<external/images/2orientations.png, id=1808, 251.0178pt x 130.5678pt>
File: external/images/2orientations.png Graphic file (type png)
<use external/images/2orientations.png>
Package pdftex.def Info: external/images/2orientations.png  used on input line 
4015.
(pdftex.def)             Requested size: 196.09099pt x 101.99785pt.
<external/images/stereo_conformal.png, id=1811, 329.5512pt x 231.264pt>
File: external/images/stereo_conformal.png Graphic file (type png)
<use external/images/stereo_conformal.png>
Package pdftex.def Info: external/images/stereo_conformal.png  used on input li
ne 4027.
(pdftex.def)             Requested size: 196.45099pt x 137.85962pt.
[73 <./external/images/2orientations.png>]
************************************************
Subsection 3.4.6 Elliptic length and area
************************************************
[74 <./external/images/stereo_conformal.png>]
<external/images/elliptic_distance.png, id=1842, 225.0006pt x 167.6664pt>
File: external/images/elliptic_distance.png Graphic file (type png)
<use external/images/elliptic_distance.png>
Package pdftex.def Info: external/images/elliptic_distance.png  used on input l
ine 4073.
(pdftex.def)             Requested size: 196.09099pt x 146.12184pt.
 [75 <./external/images/elliptic_distance.png>]
************************************************
Exercises 3.4.7 Exercises
************************************************
<external/images/2gon.png, id=1872, 278.4804pt x 133.9404pt>
File: external/images/2gon.png Graphic file (type png)
<use external/images/2gon.png>
Package pdftex.def Info: external/images/2gon.png  used on input line 4129.
(pdftex.def)             Requested size: 216.32736pt x 104.05002pt.
<external/images/elliptic_triangle_area.png, id=1877, 376.7676pt x 174.8934pt>
File: external/images/elliptic_triangle_area.png Graphic file (type png)
<use external/images/elliptic_triangle_area.png>
Package pdftex.def Info: external/images/elliptic_triangle_area.png  used on in
put line 4163.
(pdftex.def)             Requested size: 216.32736pt x 100.41614pt.
[76 <./external/images/2gon.png>]
************************************************
Section 3.5 Projective geometry
************************************************
[77 <./external/images/elliptic_triangle_area.png>]
************************************************
Subsection 3.5.1 Projective points, lines, and flats
************************************************
************************************************
Subsection 3.5.2 Coordinates
************************************************
************************************************
Subsection 3.5.3 Freedom in projective transformations
************************************************
[78]
************************************************
Subsection 3.5.4 The real projective plane
************************************************
<external/images/durerperspective.jpg, id=1923, 1284.8pt x 722.7pt>
File: external/images/durerperspective.jpg Graphic file (type jpg)
<use external/images/durerperspective.jpg>
Package pdftex.def Info: external/images/durerperspective.jpg  used on input li
ne 4261.
(pdftex.def)             Requested size: 196.09099pt x 110.29704pt.
[79] [80 <./external/images/durerperspective.jpg>]
************************************************
Exercises 3.5.5 Exercises
************************************************

Overfull \hbox (31.01993pt too wide) detected at line 4303
\OT1/lmr/m/n/10 [\OML/lmm/m/it/10 x[]; x[]; x[]; [] x[]; x[]; x[]; [] ; x[]\OT1
/lmr/m/n/10 ] \OMS/lmsy/m/n/10 ! [] \OML/lmm/m/it/10 :
 []

[81]
<external/images/pappus_theorem.png, id=1962, 176.8206pt x 131.5314pt>
File: external/images/pappus_theorem.png Graphic file (type png)
<use external/images/pappus_theorem.png>
Package pdftex.def Info: external/images/pappus_theorem.png  used on input line
 4351.
(pdftex.def)             Requested size: 147.21576pt x 109.5122pt.
 [82 <./external/images/pappus_theorem.png>]
************************************************
Section 3.6 Additional exercises
************************************************
************************************************
Exercises 3.6 Exercises
************************************************
[83]
<external/images/rot_id_diagram.png, id=2015, 239.89626pt x 232.87pt>
File: external/images/rot_id_diagram.png Graphic file (type png)
<use external/images/rot_id_diagram.png>
Package pdftex.def Info: external/images/rot_id_diagram.png  used on input line
 4498.
(pdftex.def)             Requested size: 107.3125pt x 104.16869pt.
 [84] [85]
<external/images/right_triangle.png, id=2040, 144.54pt x 85.7604pt>
File: external/images/right_triangle.png Graphic file (type png)
<use external/images/right_triangle.png>
Package pdftex.def Info: external/images/right_triangle.png  used on input line
 4506.
(pdftex.def)             Requested size: 98.34549pt x 58.35162pt.
 [86 <./external/images/rot_id_diagram.png> <./external/images/right_triangle.p
ng>] [87]
************************************************
Appendix A Solutions to Exercises
************************************************
Appendix A.
[88


]
Overfull \hbox (35.4873pt too wide) detected at line 4666
[]
 []

[89]
Underfull \hbox (badness 2426) in paragraph at lines 4695--4696
[]$[]\OT1/lmr/m/n/10 (+20) ((1\OML/lmm/m/it/10 ; \OT1/lmr/m/n/10 (+20) 1)) = \O
MS/lmsy/m/n/10 f\OT1/lmr/m/n/10 (+20) (1\OML/lmm/m/it/10 ; \OT1/lmr/m/n/10 (+20
) 1)\OML/lmm/m/it/10 ; \OT1/lmr/m/n/10 (+20) (1\OML/lmm/m/it/10 ; \OMS/lmsy/m/n
/10 ^^@\OT1/lmr/m/n/10 (+20) 1)\OML/lmm/m/it/10 ; \OT1/lmr/m/n/10 (+20) (\OMS/l
msy/m/n/10 ^^@\OT1/lmr/m/n/10 (+20) 1\OML/lmm/m/it/10 ; \OT1/lmr/m/n/10 (+20) 1
)\OML/lmm/m/it/10 ; \OT1/lmr/m/n/10 (+20) (\OMS/lmsy/m/n/10 ^^@\OT1/lmr/m/n/10 
(+20) 1\OML/lmm/m/it/10 ; \OMS/lmsy/m/n/10 ^^@\OT1/lmr/m/n/10 (+20) 1)\OMS/lmsy
/m/n/10 g$\T1/lmr/m/n/10 (+20) , $[]\OT1/lmr/m/n/10 (+20) ((1\OML/lmm/m/it/10 ;
 \OT1/lmr/m/n/10 (+20) 0)) =
 []


Underfull \hbox (badness 10000) in paragraph at lines 4695--4696
\OMS/lmsy/m/n/10 f\OT1/lmr/m/n/10 (+20) (1\OML/lmm/m/it/10 ; \OT1/lmr/m/n/10 (+
20) 0)\OML/lmm/m/it/10 ; \OT1/lmr/m/n/10 (+20) (\OMS/lmsy/m/n/10 ^^@\OT1/lmr/m/
n/10 (+20) 1\OML/lmm/m/it/10 ; \OT1/lmr/m/n/10 (+20) 0)\OML/lmm/m/it/10 ; \OT1/
lmr/m/n/10 (+20) (0\OML/lmm/m/it/10 ; \OT1/lmr/m/n/10 (+20) 1)\OML/lmm/m/it/10 
; \OT1/lmr/m/n/10 (+20) (0\OML/lmm/m/it/10 ; \OMS/lmsy/m/n/10 ^^@\OT1/lmr/m/n/1
0 (+20) 1)\OMS/lmsy/m/n/10 g$\T1/lmr/m/n/10 (+20) , $[]\OT1/lmr/m/n/10 (+20) ((
1\OML/lmm/m/it/10 ; \OT1/lmr/m/n/10 (+20) 1)) = \OMS/lmsy/m/n/10 f\OML/lmm/m/it
/10 R[]; F[]\OMS/lmsy/m/n/10 g$\T1/lmr/m/n/10 (+20) ,
 []

[90] [91]
************************************************
References Further topics
************************************************
************************************************
References References
************************************************
[92



] [93

]
runsystem(makeindex main.idx)...executed safely (allowed).

 (./main.ind [94


] [95])
************************************************
References Notation
************************************************
[96] [97


\indexentry{groups, list of!symmetric group|hyperpage}{97}
] [98] (./main.aux)
Package rerunfilecheck Info: File `main.out' has not changed.
(rerunfilecheck)             Checksum: 9BF07BBCCE4BDC304C8DED8FA64D2F45;3782.
 ) 
Here is how much of TeX's memory you used:
 60761 strings out of 476025
 1517073 string characters out of 5790017
 2289454 words of memory out of 5000000
 78832 multiletter control sequences out of 15000+600000
 637919 words of font info for 331 fonts, out of 8000000 for 9000
 1141 hyphenation exceptions out of 8191
 83i,17n,86p,1527b,1925s stack positions out of 10000i,1000n,20000p,200000b,200000s
</usr/local/texlive/2023/texmf-dist/fonts/type1/public/lm/lmbx10.pfb></usr/lo
cal/texlive/2023/texmf-dist/fonts/type1/public/lm/lmbx12.pfb></usr/local/texliv
e/2023/texmf-dist/fonts/type1/public/lm/lmbx8.pfb></usr/local/texlive/2023/texm
f-dist/fonts/type1/public/lm/lmbxi10.pfb></usr/local/texlive/2023/texmf-dist/fo
nts/type1/public/lm/lmex10.pfb></usr/local/texlive/2023/texmf-dist/fonts/type1/
public/lm/lmmi10.pfb></usr/local/texlive/2023/texmf-dist/fonts/type1/public/lm/
lmmi12.pfb></usr/local/texlive/2023/texmf-dist/fonts/type1/public/lm/lmmi5.pfb>
</usr/local/texlive/2023/texmf-dist/fonts/type1/public/lm/lmmi6.pfb></usr/local
/texlive/2023/texmf-dist/fonts/type1/public/lm/lmmi7.pfb></usr/local/texlive/20
23/texmf-dist/fonts/type1/public/lm/lmmi8.pfb></usr/local/texlive/2023/texmf-di
st/fonts/type1/public/lm/lmr10.pfb></usr/local/texlive/2023/texmf-dist/fonts/ty
pe1/public/lm/lmr12.pfb></usr/local/texlive/2023/texmf-dist/fonts/type1/public/
lm/lmr17.pfb></usr/local/texlive/2023/texmf-dist/fonts/type1/public/lm/lmr5.pfb
></usr/local/texlive/2023/texmf-dist/fonts/type1/public/lm/lmr6.pfb></usr/local
/texlive/2023/texmf-dist/fonts/type1/public/lm/lmr7.pfb></usr/local/texlive/202
3/texmf-dist/fonts/type1/public/lm/lmr8.pfb></usr/local/texlive/2023/texmf-dist
/fonts/type1/public/lm/lmri10.pfb></usr/local/texlive/2023/texmf-dist/fonts/typ
e1/public/lm/lmri8.pfb></usr/local/texlive/2023/texmf-dist/fonts/type1/public/l
m/lmro10.pfb></usr/local/texlive/2023/texmf-dist/fonts/type1/public/lm/lmsy10.p
fb></usr/local/texlive/2023/texmf-dist/fonts/type1/public/lm/lmsy5.pfb></usr/lo
cal/texlive/2023/texmf-dist/fonts/type1/public/lm/lmsy6.pfb></usr/local/texlive
/2023/texmf-dist/fonts/type1/public/lm/lmsy7.pfb></usr/local/texlive/2023/texmf
-dist/fonts/type1/public/lm/lmsy8.pfb></usr/local/texlive/2023/texmf-dist/fonts
/type1/public/lm/lmtt9.pfb></usr/local/texlive/2023/texmf-dist/fonts/type1/publ
ic/amsfonts/symbols/msam10.pfb></usr/local/texlive/2023/texmf-dist/fonts/type1/
public/amsfonts/symbols/msbm10.pfb></usr/local/texlive/2023/texmf-dist/fonts/ty
pe1/public/amsfonts/symbols/msbm7.pfb>
Output written on main.pdf (105 pages, 1953561 bytes).
PDF statistics:
 2776 PDF objects out of 2984 (max. 8388607)
 2468 compressed objects within 25 object streams
 1059 named destinations out of 1200 (max. 500000)
 66558 words of extra memory for PDF output out of 74296 (max. 10000000)

