This is TeX, Version 3.14159 (Web2C 7.3.1) (format=latex 2002.9.6)  4 OCT 2002 14:51
**main
(main.tex
LaTeX2e <2000/06/01>
Babel <v3.7h> and hyphenation patterns for american, french, german, ngerman, i
talian, nohyphenation, loaded.
(/usr/share/texmf/tex/latex/base/article.cls
Document Class: article 2000/05/19 v1.4b Standard LaTeX document class
(/usr/share/texmf/tex/latex/base/size11.clo
File: size11.clo 2000/05/19 v1.4b Standard LaTeX file (size option)
)
\c@part=\count79
\c@section=\count80
\c@subsection=\count81
\c@subsubsection=\count82
\c@paragraph=\count83
\c@subparagraph=\count84
\c@figure=\count85
\c@table=\count86
\abovecaptionskip=\skip41
\belowcaptionskip=\skip42
\bibindent=\dimen102
)
(/usr/share/texmf/tex/latex/amsfonts/amssymb.sty
Package: amssymb 1996/11/03 v2.2b

(/usr/share/texmf/tex/latex/amsfonts/amsfonts.sty
Package: amsfonts 1997/09/17 v2.2e
\@emptytoks=\toks14
\symAMSa=\mathgroup4
\symAMSb=\mathgroup5
LaTeX Font Info:    Overwriting math alphabet `\mathfrak' in version `bold'
(Font)                  U/euf/m/n --> U/euf/b/n on input line 133.
))
(/usr/share/texmf/tex/latex/graphics/graphicx.sty
Package: graphicx 1999/02/16 v1.0f Enhanced LaTeX Graphics (DPC,SPQR)

(/usr/share/texmf/tex/latex/graphics/keyval.sty
Package: keyval 1999/03/16 v1.13 key=value parser (DPC)
\KV@toks@=\toks15
)
(/usr/share/texmf/tex/latex/graphics/graphics.sty
Package: graphics 1999/02/16 v1.0l Standard LaTeX Graphics (DPC,SPQR)

(/usr/share/texmf/tex/latex/graphics/trig.sty
Package: trig 1999/03/16 v1.09 sin cos tan (DPC)
)
(/usr/share/texmf/tex/latex/config/graphics.cfg)
Package graphics Info: Driver file: dvips.def on input line 80.

(/usr/share/texmf/tex/latex/graphics/dvips.def
File: dvips.def 1999/02/16 v3.0i Driver-dependant file (DPC,SPQR)
))
\Gin@req@height=\dimen103
\Gin@req@width=\dimen104
)
(/usr/share/texmf/tex/latex/graphics/color.sty
Package: color 1999/02/16 v1.0i Standard LaTeX Color (DPC)

(/usr/share/texmf/tex/latex/config/color.cfg)
Package color Info: Driver file: dvips.def on input line 125.

(/usr/share/texmf/tex/latex/graphics/dvipsnam.def
File: dvipsnam.def 1999/02/16 v3.0i Driver-dependant file (DPC,SPQR)
))
\c@investigation=\count87
 (main.aux)
\openout1 = `main.aux'.

LaTeX Font Info:    Checking defaults for OML/cmm/m/it on input line 75.
LaTeX Font Info:    ... okay on input line 75.
LaTeX Font Info:    Checking defaults for T1/cmr/m/n on input line 75.
LaTeX Font Info:    ... okay on input line 75.
LaTeX Font Info:    Checking defaults for OT1/cmr/m/n on input line 75.
LaTeX Font Info:    ... okay on input line 75.
LaTeX Font Info:    Checking defaults for OMS/cmsy/m/n on input line 75.
LaTeX Font Info:    ... okay on input line 75.
LaTeX Font Info:    Checking defaults for OMX/cmex/m/n on input line 75.
LaTeX Font Info:    ... okay on input line 75.
LaTeX Font Info:    Checking defaults for U/cmr/m/n on input line 75.
LaTeX Font Info:    ... okay on input line 75.
LaTeX Font Info:    Try loading font information for U+msa on input line 129.

(/usr/share/texmf/tex/latex/amsfonts/umsa.fd
File: umsa.fd 1995/01/05 v2.2e AMS font definitions
)
LaTeX Font Info:    Try loading font information for U+msb on input line 129.

(/usr/share/texmf/tex/latex/amsfonts/umsb.fd
File: umsb.fd 1995/01/05 v2.2e AMS font definitions
)

Package amsfonts Warning: Obsolete command \Bbb; \mathbb should be used instead
 on input line 130.

[1

] [2] (vectangrot.pstex_t
File: vectangrot.pstex Graphic file (type eps)
 <vectangrot.pstex>)
LaTeX Font Info:    Try loading font information for OMS+cmr on input line 244.


(/usr/share/texmf/tex/latex/base/omscmr.fd
File: omscmr.fd 1999/05/25 v2.5h Standard LaTeX font definitions
)
LaTeX Font Info:    Font shape `OMS/cmr/m/n' in size <10.95> not available
(Font)              Font shape `OMS/cmsy/m/n' tried instead on input line 244.
 [3]
Overfull \hbox (25.97559pt too wide) in alignment at lines 275--280
 [][][] []
 []

[4] (rsubr.pstex_t
File: rsubr.pstex Graphic file (type eps)
 <rsubr.pstex>) [5] [6] (hopfviarot.pstex_t
File: hopfviarot.pstex Graphic file (type eps)

<hopfviarot.pstex>)

LaTeX Warning: `h' float specifier changed to `ht'.

[7] (concentric.pstex_t
File: concentric.pstex Graphic file (type eps)
 <concentric.pstex>)

LaTeX Warning: `h' float specifier changed to `ht'.

[8] (bisectgrcirc.pstex_t
File: bisectgrcirc.pstex Graphic file (type eps)
 <bisectgrcirc.pstex>) (specialrots.pstex_t
File: specialrots.pstex Graphic file (type eps)

<specialrots.pstex>)

LaTeX Warning: `h' float specifier changed to `ht'.

[9] [10] (stereoproj.pstex_t
File: stereoproj.pstex Graphic file (type eps)
 <stereoproj.pstex>) [11] (genericfib.pstex_t
File: genericfib.pstex Graphic file (type eps)

<genericfib.pstex>)

LaTeX Warning: `h' float specifier changed to `ht'.

[12] (pairolinks.pstex_t
File: pairolinks.pstex Graphic file (type eps)
 <pairolinks.pstex>) (hopffibs.pstex_t
File: hopffibs.pstex Graphic file (type eps)

<hopffibs.pstex>)

LaTeX Warning: `h' float specifier changed to `ht'.

[13] (sh.pstex_t
File: sh.pstex Graphic file (type eps)
 <sh.pstex>) [14]
Underfull \hbox (badness 1642) in paragraph at lines 766--768
[]\OT1/cmr/m/n/10.95 H. Hopf, []Uber die Ab-bil-dun-gen der drei-di-men-sion-al
en Sph^^?are auf die
 []

[15] [16] (main.aux) ) 
Here is how much of TeX's memory you used:
 1123 strings out of 20887
 13081 string characters out of 197364
 57436 words of memory out of 350001
 4059 multiletter control sequences out of 10000+15000
 15008 words of font info for 57 fonts, out of 400000 for 1000
 14 hyphenation exceptions out of 10000
 25i,12n,24p,1159b,382s stack positions out of 3000i,100n,1500p,50000b,4000s

Output written on main.dvi (16 pages, 48092 bytes).
