\BOOKMARK [0][-]{chapter*.1}{Preface}{}% 1
\BOOKMARK [0][-]{chapter.0}{Basics}{}% 2
\BOOKMARK [1][-]{section.0.1}{Complex Numbers}{chapter.0}% 3
\BOOKMARK [1][-]{section.0.2}{Equivalence Relations}{chapter.0}% 4
\BOOKMARK [1][-]{section.0.3}{Modular Arithmetic}{chapter.0}% 5
\BOOKMARK [1][-]{section.0.4}{Linear Algebra Basics}{chapter.0}% 6
\BOOKMARK [0][-]{chapter.1}{Algebra}{}% 7
\BOOKMARK [1][-]{section.1.1}{Examples of groups}{chapter.1}% 8
\BOOKMARK [1][-]{section.1.2}{Definitions and properties for groups}{chapter.1}% 9
\BOOKMARK [1][-]{section.1.3}{Group homomorphisms}{chapter.1}% 10
\BOOKMARK [1][-]{section.1.4}{Fundamental theorems of groups}{chapter.1}% 11
\BOOKMARK [1][-]{section.1.5}{Group actions}{chapter.1}% 12
\BOOKMARK [0][-]{chapter.2}{Geometry}{}% 13
\BOOKMARK [1][-]{section.2.1}{Euclidean geometry}{chapter.2}% 14
\BOOKMARK [1][-]{section.2.2}{M\366bius geometry}{chapter.2}% 15
\BOOKMARK [1][-]{section.2.3}{M\366bius geometry as projective geometry}{chapter.2}% 16
\BOOKMARK [1][-]{section.2.4}{Hyperbolic geometry}{chapter.2}% 17
\BOOKMARK [1][-]{section.2.5}{Elliptic geometry}{chapter.2}% 18
\BOOKMARK [1][-]{section.2.6}{Projective geometry}{chapter.2}% 19
\BOOKMARK [1][-]{section.2.7}{The quaternions}{chapter.2}% 20
\BOOKMARK [0][-]{chapter.3}{More Topics}{}% 21
\BOOKMARK [1][-]{section.3.1}{Further topics}{chapter.3}% 22
